
build/USART.elf:     file format elf32-littlearm


Disassembly of section .text:

20000000 <startup>:
20000000:	4807      	ldr	r0, [pc, #28]	@ (20000020 <startup+0x20>)
20000002:	4685      	mov	sp, r0
20000004:	f000 fa8a 	bl	2000051c <md407_runtime_clockinit>
20000008:	f000 fa54 	bl	200004b4 <md407_runtime_portinit>
2000000c:	f000 f9bc 	bl	20000388 <md407_runtime_uartinit>
20000010:	f000 f962 	bl	200002d8 <_crt_init>
20000014:	f000 f91e 	bl	20000254 <main>
20000018:	f000 f98e 	bl	20000338 <_crt_deinit>
2000001c:	e7fe      	b.n	2000001c <startup+0x1c>
2000001e:	0000      	.short	0x0000
20000020:	20002800 	.word	0x20002800

20000024 <usart1_irq_routine>:
unsigned char inbuf1;
unsigned char inbuf2;

///////////////////////////////////////////////////////////////////////////////// USART 1 ////////////////////////////////////////////////////////////////////////////////////

void usart1_irq_routine(void) {
20000024:	b580      	push	{r7, lr}
20000026:	af00      	add	r7, sp, #0
    if (USART1->sr & BIT_RXNE) {
20000028:	4b07      	ldr	r3, [pc, #28]	@ (20000048 <usart1_irq_routine+0x24>)
2000002a:	881b      	ldrh	r3, [r3, #0]
2000002c:	b29b      	uxth	r3, r3
2000002e:	001a      	movs	r2, r3
20000030:	2320      	movs	r3, #32
20000032:	4013      	ands	r3, r2
20000034:	d005      	beq.n	20000042 <usart1_irq_routine+0x1e>
        inbuf1 = (char) USART1->dr;
20000036:	4b04      	ldr	r3, [pc, #16]	@ (20000048 <usart1_irq_routine+0x24>)
20000038:	889b      	ldrh	r3, [r3, #4]
2000003a:	b29b      	uxth	r3, r3
2000003c:	b2da      	uxtb	r2, r3
2000003e:	4b03      	ldr	r3, [pc, #12]	@ (2000004c <usart1_irq_routine+0x28>)
20000040:	701a      	strb	r2, [r3, #0]
    }
}
20000042:	46c0      	nop			@ (mov r8, r8)
20000044:	46bd      	mov	sp, r7
20000046:	bd80      	pop	{r7, pc}
20000048:	40011000 	.word	0x40011000
2000004c:	200010fc 	.word	0x200010fc

20000050 <usart1_tstchar>:

char usart1_tstchar(void) {
20000050:	b580      	push	{r7, lr}
20000052:	b082      	sub	sp, #8
20000054:	af00      	add	r7, sp, #0
    char c = inbuf1;
20000056:	1dfb      	adds	r3, r7, #7
20000058:	4a05      	ldr	r2, [pc, #20]	@ (20000070 <usart1_tstchar+0x20>)
2000005a:	7812      	ldrb	r2, [r2, #0]
2000005c:	701a      	strb	r2, [r3, #0]
    inbuf1 = 0;
2000005e:	4b04      	ldr	r3, [pc, #16]	@ (20000070 <usart1_tstchar+0x20>)
20000060:	2200      	movs	r2, #0
20000062:	701a      	strb	r2, [r3, #0]
    return c;
20000064:	1dfb      	adds	r3, r7, #7
20000066:	781b      	ldrb	r3, [r3, #0]
}
20000068:	0018      	movs	r0, r3
2000006a:	46bd      	mov	sp, r7
2000006c:	b002      	add	sp, #8
2000006e:	bd80      	pop	{r7, pc}
20000070:	200010fc 	.word	0x200010fc

20000074 <usart1_init>:

void usart1_init(void) {
20000074:	b580      	push	{r7, lr}
20000076:	af00      	add	r7, sp, #0
    inbuf1 = 0;
20000078:	4b0d      	ldr	r3, [pc, #52]	@ (200000b0 <usart1_init+0x3c>)
2000007a:	2200      	movs	r2, #0
2000007c:	701a      	strb	r2, [r3, #0]
    *USART1_IRQVEC = usart1_irq_routine;
2000007e:	4b0d      	ldr	r3, [pc, #52]	@ (200000b4 <usart1_init+0x40>)
20000080:	4a0d      	ldr	r2, [pc, #52]	@ (200000b8 <usart1_init+0x44>)
20000082:	601a      	str	r2, [r3, #0]
    *NVIC_USART1_ISER |= NVIC_USART1_IRQ_BPOS;
20000084:	4b0d      	ldr	r3, [pc, #52]	@ (200000bc <usart1_init+0x48>)
20000086:	681a      	ldr	r2, [r3, #0]
20000088:	4b0c      	ldr	r3, [pc, #48]	@ (200000bc <usart1_init+0x48>)
2000008a:	2120      	movs	r1, #32
2000008c:	430a      	orrs	r2, r1
2000008e:	601a      	str	r2, [r3, #0]
    USART1->brr = 0x2D9;
20000090:	4b0b      	ldr	r3, [pc, #44]	@ (200000c0 <usart1_init+0x4c>)
20000092:	4a0c      	ldr	r2, [pc, #48]	@ (200000c4 <usart1_init+0x50>)
20000094:	811a      	strh	r2, [r3, #8]
    USART1->cr3 = 0;
20000096:	4b0a      	ldr	r3, [pc, #40]	@ (200000c0 <usart1_init+0x4c>)
20000098:	2200      	movs	r2, #0
2000009a:	829a      	strh	r2, [r3, #20]
    USART1->cr2 = 0;
2000009c:	4b08      	ldr	r3, [pc, #32]	@ (200000c0 <usart1_init+0x4c>)
2000009e:	2200      	movs	r2, #0
200000a0:	821a      	strh	r2, [r3, #16]
    USART1->cr1 = BIT_EN | BIT_RXNEIE | BIT_TE | BIT_RE;
200000a2:	4b07      	ldr	r3, [pc, #28]	@ (200000c0 <usart1_init+0x4c>)
200000a4:	4a08      	ldr	r2, [pc, #32]	@ (200000c8 <usart1_init+0x54>)
200000a6:	819a      	strh	r2, [r3, #12]
}
200000a8:	46c0      	nop			@ (mov r8, r8)
200000aa:	46bd      	mov	sp, r7
200000ac:	bd80      	pop	{r7, pc}
200000ae:	46c0      	nop			@ (mov r8, r8)
200000b0:	200010fc 	.word	0x200010fc
200000b4:	2001c0d4 	.word	0x2001c0d4
200000b8:	20000025 	.word	0x20000025
200000bc:	e000e104 	.word	0xe000e104
200000c0:	40011000 	.word	0x40011000
200000c4:	000002d9 	.word	0x000002d9
200000c8:	0000202c 	.word	0x0000202c

200000cc <usart1_outchar>:

void usart1_outchar(char c) {
200000cc:	b580      	push	{r7, lr}
200000ce:	b082      	sub	sp, #8
200000d0:	af00      	add	r7, sp, #0
200000d2:	0002      	movs	r2, r0
200000d4:	1dfb      	adds	r3, r7, #7
200000d6:	701a      	strb	r2, [r3, #0]
    while ((USART1->sr & BIT_TXE) == 0);
200000d8:	46c0      	nop			@ (mov r8, r8)
200000da:	4b08      	ldr	r3, [pc, #32]	@ (200000fc <usart1_outchar+0x30>)
200000dc:	881b      	ldrh	r3, [r3, #0]
200000de:	b29b      	uxth	r3, r3
200000e0:	001a      	movs	r2, r3
200000e2:	2380      	movs	r3, #128	@ 0x80
200000e4:	4013      	ands	r3, r2
200000e6:	d0f8      	beq.n	200000da <usart1_outchar+0xe>
    USART1->dr = (unsigned short) c;
200000e8:	4a04      	ldr	r2, [pc, #16]	@ (200000fc <usart1_outchar+0x30>)
200000ea:	1dfb      	adds	r3, r7, #7
200000ec:	781b      	ldrb	r3, [r3, #0]
200000ee:	b29b      	uxth	r3, r3
200000f0:	8093      	strh	r3, [r2, #4]
}
200000f2:	46c0      	nop			@ (mov r8, r8)
200000f4:	46bd      	mov	sp, r7
200000f6:	b002      	add	sp, #8
200000f8:	bd80      	pop	{r7, pc}
200000fa:	46c0      	nop			@ (mov r8, r8)
200000fc:	40011000 	.word	0x40011000

20000100 <usart2_irq_routine>:

///////////////////////////////////////////////////////////////////////////////// USART 2 ////////////////////////////////////////////////////////////////////////////////////

void usart2_irq_routine(void) {
20000100:	b580      	push	{r7, lr}
20000102:	af00      	add	r7, sp, #0
    if (USART2->sr & BIT_RXNE) {
20000104:	4b07      	ldr	r3, [pc, #28]	@ (20000124 <usart2_irq_routine+0x24>)
20000106:	881b      	ldrh	r3, [r3, #0]
20000108:	b29b      	uxth	r3, r3
2000010a:	001a      	movs	r2, r3
2000010c:	2320      	movs	r3, #32
2000010e:	4013      	ands	r3, r2
20000110:	d005      	beq.n	2000011e <usart2_irq_routine+0x1e>
        inbuf2 = (char) USART2->dr;
20000112:	4b04      	ldr	r3, [pc, #16]	@ (20000124 <usart2_irq_routine+0x24>)
20000114:	889b      	ldrh	r3, [r3, #4]
20000116:	b29b      	uxth	r3, r3
20000118:	b2da      	uxtb	r2, r3
2000011a:	4b03      	ldr	r3, [pc, #12]	@ (20000128 <usart2_irq_routine+0x28>)
2000011c:	701a      	strb	r2, [r3, #0]
    }
}
2000011e:	46c0      	nop			@ (mov r8, r8)
20000120:	46bd      	mov	sp, r7
20000122:	bd80      	pop	{r7, pc}
20000124:	40004400 	.word	0x40004400
20000128:	200010fd 	.word	0x200010fd

2000012c <usart2_tstchar>:

char usart2_tstchar(void) {
2000012c:	b580      	push	{r7, lr}
2000012e:	b082      	sub	sp, #8
20000130:	af00      	add	r7, sp, #0
    char c = inbuf2;
20000132:	1dfb      	adds	r3, r7, #7
20000134:	4a05      	ldr	r2, [pc, #20]	@ (2000014c <usart2_tstchar+0x20>)
20000136:	7812      	ldrb	r2, [r2, #0]
20000138:	701a      	strb	r2, [r3, #0]
    inbuf2 = 0;
2000013a:	4b04      	ldr	r3, [pc, #16]	@ (2000014c <usart2_tstchar+0x20>)
2000013c:	2200      	movs	r2, #0
2000013e:	701a      	strb	r2, [r3, #0]
    return c;
20000140:	1dfb      	adds	r3, r7, #7
20000142:	781b      	ldrb	r3, [r3, #0]
}
20000144:	0018      	movs	r0, r3
20000146:	46bd      	mov	sp, r7
20000148:	b002      	add	sp, #8
2000014a:	bd80      	pop	{r7, pc}
2000014c:	200010fd 	.word	0x200010fd

20000150 <usart2_outchar>:
    USART2->cr3 = 0;
    USART2->cr2 = 0;
    USART2->cr1 = BIT_EN | BIT_RXNEIE | BIT_TE | BIT_RE;
}
*/ 
void usart2_outchar(char c) {
20000150:	b580      	push	{r7, lr}
20000152:	b082      	sub	sp, #8
20000154:	af00      	add	r7, sp, #0
20000156:	0002      	movs	r2, r0
20000158:	1dfb      	adds	r3, r7, #7
2000015a:	701a      	strb	r2, [r3, #0]
    while ((USART2->sr & BIT_TXE) == 0);
2000015c:	46c0      	nop			@ (mov r8, r8)
2000015e:	4b08      	ldr	r3, [pc, #32]	@ (20000180 <usart2_outchar+0x30>)
20000160:	881b      	ldrh	r3, [r3, #0]
20000162:	b29b      	uxth	r3, r3
20000164:	001a      	movs	r2, r3
20000166:	2380      	movs	r3, #128	@ 0x80
20000168:	4013      	ands	r3, r2
2000016a:	d0f8      	beq.n	2000015e <usart2_outchar+0xe>
    USART2->dr = (unsigned short) c;
2000016c:	4a04      	ldr	r2, [pc, #16]	@ (20000180 <usart2_outchar+0x30>)
2000016e:	1dfb      	adds	r3, r7, #7
20000170:	781b      	ldrb	r3, [r3, #0]
20000172:	b29b      	uxth	r3, r3
20000174:	8093      	strh	r3, [r2, #4]
}
20000176:	46c0      	nop			@ (mov r8, r8)
20000178:	46bd      	mov	sp, r7
2000017a:	b002      	add	sp, #8
2000017c:	bd80      	pop	{r7, pc}
2000017e:	46c0      	nop			@ (mov r8, r8)
20000180:	40004400 	.word	0x40004400

20000184 <usart2_init>:

//////////////////////////////////////////////////////////////////////////////// USART2 på MD407 ///////////////////////////////////////////////////////////////////////////////

// init usart 2 på MD407:an

void usart2_init(void) {
20000184:	b580      	push	{r7, lr}
20000186:	af00      	add	r7, sp, #0

    // AHB1 bussen, aktiver klockan för port D
    *RCC_AHB1ENR |= RCC_AHB1ENR_GPIODEN;
20000188:	4b26      	ldr	r3, [pc, #152]	@ (20000224 <usart2_init+0xa0>)
2000018a:	681a      	ldr	r2, [r3, #0]
2000018c:	4b25      	ldr	r3, [pc, #148]	@ (20000224 <usart2_init+0xa0>)
2000018e:	2108      	movs	r1, #8
20000190:	430a      	orrs	r2, r1
20000192:	601a      	str	r2, [r3, #0]

    // PD5 och PD6 som alternative function
    *GPIOD_MODER &= ~0xFFFFFFFF; // ~(0xF << (5 * 2)); Rensa bitarna för PD5 och PD6
20000194:	4b24      	ldr	r3, [pc, #144]	@ (20000228 <usart2_init+0xa4>)
20000196:	681b      	ldr	r3, [r3, #0]
20000198:	4b23      	ldr	r3, [pc, #140]	@ (20000228 <usart2_init+0xa4>)
2000019a:	2200      	movs	r2, #0
2000019c:	601a      	str	r2, [r3, #0]
    *GPIOD_MODER |= 0x00002200; // (2 << (5 * 2)) | (2 << (6 * 2)); Sätt bitarna för alternative function (värde 2)
2000019e:	4b22      	ldr	r3, [pc, #136]	@ (20000228 <usart2_init+0xa4>)
200001a0:	681a      	ldr	r2, [r3, #0]
200001a2:	4b21      	ldr	r3, [pc, #132]	@ (20000228 <usart2_init+0xa4>)
200001a4:	2188      	movs	r1, #136	@ 0x88
200001a6:	0189      	lsls	r1, r1, #6
200001a8:	430a      	orrs	r2, r1
200001aa:	601a      	str	r2, [r3, #0]

    // alternativ funktion 7 för PD5 och PD6
    *GPIOD_AFRL &= ~0xFFFFFFFF; // ~(0xFF << (5 * 4)); Rensa bitarna för PD5 och PD6
200001ac:	4b1f      	ldr	r3, [pc, #124]	@ (2000022c <usart2_init+0xa8>)
200001ae:	681b      	ldr	r3, [r3, #0]
200001b0:	4b1e      	ldr	r3, [pc, #120]	@ (2000022c <usart2_init+0xa8>)
200001b2:	2200      	movs	r2, #0
200001b4:	601a      	str	r2, [r3, #0]
    *GPIOD_AFRL |= (7 << (5 * 4)) | (7 << (6 * 4)); // Sätt bitarna för alternativ funktion 7 (värde 7)
200001b6:	4b1d      	ldr	r3, [pc, #116]	@ (2000022c <usart2_init+0xa8>)
200001b8:	681a      	ldr	r2, [r3, #0]
200001ba:	4b1c      	ldr	r3, [pc, #112]	@ (2000022c <usart2_init+0xa8>)
200001bc:	21ee      	movs	r1, #238	@ 0xee
200001be:	04c9      	lsls	r1, r1, #19
200001c0:	430a      	orrs	r2, r1
200001c2:	601a      	str	r2, [r3, #0]

    // starta klcockan
    *RCC_APB1ENR |= RCC_APB1ENR_USART2EN;
200001c4:	4b1a      	ldr	r3, [pc, #104]	@ (20000230 <usart2_init+0xac>)
200001c6:	681a      	ldr	r2, [r3, #0]
200001c8:	4b19      	ldr	r3, [pc, #100]	@ (20000230 <usart2_init+0xac>)
200001ca:	2180      	movs	r1, #128	@ 0x80
200001cc:	0289      	lsls	r1, r1, #10
200001ce:	430a      	orrs	r2, r1
200001d0:	601a      	str	r2, [r3, #0]
    
    // resetta klockan
    *RCC_APB1RSTR |= RCC_APB1RSTR_USART2RST;
200001d2:	4b18      	ldr	r3, [pc, #96]	@ (20000234 <usart2_init+0xb0>)
200001d4:	681a      	ldr	r2, [r3, #0]
200001d6:	4b17      	ldr	r3, [pc, #92]	@ (20000234 <usart2_init+0xb0>)
200001d8:	2180      	movs	r1, #128	@ 0x80
200001da:	0289      	lsls	r1, r1, #10
200001dc:	430a      	orrs	r2, r1
200001de:	601a      	str	r2, [r3, #0]
    *RCC_APB1RSTR &= ~RCC_APB1RSTR_USART2RST;
200001e0:	4b14      	ldr	r3, [pc, #80]	@ (20000234 <usart2_init+0xb0>)
200001e2:	681a      	ldr	r2, [r3, #0]
200001e4:	4b13      	ldr	r3, [pc, #76]	@ (20000234 <usart2_init+0xb0>)
200001e6:	4914      	ldr	r1, [pc, #80]	@ (20000238 <usart2_init+0xb4>)
200001e8:	400a      	ands	r2, r1
200001ea:	601a      	str	r2, [r3, #0]

    inbuf2 = 0;
200001ec:	4b13      	ldr	r3, [pc, #76]	@ (2000023c <usart2_init+0xb8>)
200001ee:	2200      	movs	r2, #0
200001f0:	701a      	strb	r2, [r3, #0]
    *USART2_IRQVEC = usart2_irq_routine;
200001f2:	4b13      	ldr	r3, [pc, #76]	@ (20000240 <usart2_init+0xbc>)
200001f4:	4a13      	ldr	r2, [pc, #76]	@ (20000244 <usart2_init+0xc0>)
200001f6:	601a      	str	r2, [r3, #0]

    *NVIC_USART2_ISER |= NVIC_USART2_IRQ_BPOS;
200001f8:	4b13      	ldr	r3, [pc, #76]	@ (20000248 <usart2_init+0xc4>)
200001fa:	681a      	ldr	r2, [r3, #0]
200001fc:	4b12      	ldr	r3, [pc, #72]	@ (20000248 <usart2_init+0xc4>)
200001fe:	2140      	movs	r1, #64	@ 0x40
20000200:	430a      	orrs	r2, r1
20000202:	601a      	str	r2, [r3, #0]
    USART2->brr = 0x16D; // USARTDIV = 42 * 10^6 / (115200 * 16) = 0x16D, för att matcha bussen APB2 klockfrekvens 
20000204:	4b11      	ldr	r3, [pc, #68]	@ (2000024c <usart2_init+0xc8>)
20000206:	226e      	movs	r2, #110	@ 0x6e
20000208:	32ff      	adds	r2, #255	@ 0xff
2000020a:	811a      	strh	r2, [r3, #8]
    USART2->cr3 = 0;
2000020c:	4b0f      	ldr	r3, [pc, #60]	@ (2000024c <usart2_init+0xc8>)
2000020e:	2200      	movs	r2, #0
20000210:	829a      	strh	r2, [r3, #20]
    USART2->cr2 = 0;
20000212:	4b0e      	ldr	r3, [pc, #56]	@ (2000024c <usart2_init+0xc8>)
20000214:	2200      	movs	r2, #0
20000216:	821a      	strh	r2, [r3, #16]
    USART2->cr1 = BIT_EN | BIT_RXNEIE | BIT_TE | BIT_RE;
20000218:	4b0c      	ldr	r3, [pc, #48]	@ (2000024c <usart2_init+0xc8>)
2000021a:	4a0d      	ldr	r2, [pc, #52]	@ (20000250 <usart2_init+0xcc>)
2000021c:	819a      	strh	r2, [r3, #12]
}
2000021e:	46c0      	nop			@ (mov r8, r8)
20000220:	46bd      	mov	sp, r7
20000222:	bd80      	pop	{r7, pc}
20000224:	40023830 	.word	0x40023830
20000228:	40020c00 	.word	0x40020c00
2000022c:	40020c20 	.word	0x40020c20
20000230:	40023840 	.word	0x40023840
20000234:	40023820 	.word	0x40023820
20000238:	fffdffff 	.word	0xfffdffff
2000023c:	200010fd 	.word	0x200010fd
20000240:	2001c0d8 	.word	0x2001c0d8
20000244:	20000101 	.word	0x20000101
20000248:	e000e104 	.word	0xe000e104
2000024c:	40004400 	.word	0x40004400
20000250:	0000202c 	.word	0x0000202c

20000254 <main>:
   usart1_outchar(inbuf1); // Skriv ut bokstaven i terminalen
} // funkar!
*/
///////////////////////////////////////////////////////////////////////////////// MAIN UPPGIFT 2 ////////////////////////////////////////////////////////////////////////////////////

void main(void) {
20000254:	b580      	push	{r7, lr}
20000256:	b082      	sub	sp, #8
20000258:	af00      	add	r7, sp, #0
    *SCB_VTOR = 0x2001C000;
2000025a:	4b0d      	ldr	r3, [pc, #52]	@ (20000290 <main+0x3c>)
2000025c:	4a0d      	ldr	r2, [pc, #52]	@ (20000294 <main+0x40>)
2000025e:	601a      	str	r2, [r3, #0]
    usart1_init();
20000260:	f7ff ff08 	bl	20000074 <usart1_init>
    usart2_init();
20000264:	f7ff ff8e 	bl	20000184 <usart2_init>
    unsigned char c = 'a';
20000268:	1dfb      	adds	r3, r7, #7
2000026a:	2261      	movs	r2, #97	@ 0x61
2000026c:	701a      	strb	r2, [r3, #0]
    while(1) {
        usart1_outchar(c++);
2000026e:	1dfb      	adds	r3, r7, #7
20000270:	781b      	ldrb	r3, [r3, #0]
20000272:	1dfa      	adds	r2, r7, #7
20000274:	1c59      	adds	r1, r3, #1
20000276:	7011      	strb	r1, [r2, #0]
20000278:	0018      	movs	r0, r3
2000027a:	f7ff ff27 	bl	200000cc <usart1_outchar>
        while(inbuf2 == 0) {};
2000027e:	46c0      	nop			@ (mov r8, r8)
20000280:	4b05      	ldr	r3, [pc, #20]	@ (20000298 <main+0x44>)
20000282:	781b      	ldrb	r3, [r3, #0]
20000284:	2b00      	cmp	r3, #0
20000286:	d0fb      	beq.n	20000280 <main+0x2c>
        inbuf2 = 0;
20000288:	4b03      	ldr	r3, [pc, #12]	@ (20000298 <main+0x44>)
2000028a:	2200      	movs	r2, #0
2000028c:	701a      	strb	r2, [r3, #0]
        usart1_outchar(c++);
2000028e:	e7ee      	b.n	2000026e <main+0x1a>
20000290:	e000ed08 	.word	0xe000ed08
20000294:	2001c000 	.word	0x2001c000
20000298:	200010fd 	.word	0x200010fd

2000029c <_sbrk>:
2000029c:	4a0b      	ldr	r2, [pc, #44]	@ (200002cc <_sbrk+0x30>)
2000029e:	b508      	push	{r3, lr}
200002a0:	4603      	mov	r3, r0
200002a2:	6810      	ldr	r0, [r2, #0]
200002a4:	b128      	cbz	r0, 200002b2 <_sbrk+0x16>
200002a6:	490a      	ldr	r1, [pc, #40]	@ (200002d0 <_sbrk+0x34>)
200002a8:	4403      	add	r3, r0
200002aa:	428b      	cmp	r3, r1
200002ac:	d807      	bhi.n	200002be <_sbrk+0x22>
200002ae:	6013      	str	r3, [r2, #0]
200002b0:	bd08      	pop	{r3, pc}
200002b2:	4808      	ldr	r0, [pc, #32]	@ (200002d4 <_sbrk+0x38>)
200002b4:	4906      	ldr	r1, [pc, #24]	@ (200002d0 <_sbrk+0x34>)
200002b6:	6010      	str	r0, [r2, #0]
200002b8:	4403      	add	r3, r0
200002ba:	428b      	cmp	r3, r1
200002bc:	d9f7      	bls.n	200002ae <_sbrk+0x12>
200002be:	f000 fd41 	bl	20000d44 <__errno>
200002c2:	230c      	movs	r3, #12
200002c4:	6003      	str	r3, [r0, #0]
200002c6:	f04f 30ff 	mov.w	r0, #4294967295
200002ca:	bd08      	pop	{r3, pc}
200002cc:	20001100 	.word	0x20001100
200002d0:	20002400 	.word	0x20002400
200002d4:	20002000 	.word	0x20002000

200002d8 <_crt_init>:
200002d8:	4b13      	ldr	r3, [pc, #76]	@ (20000328 <_crt_init+0x50>)
200002da:	4a14      	ldr	r2, [pc, #80]	@ (2000032c <_crt_init+0x54>)
200002dc:	b510      	push	{r4, lr}
200002de:	4c14      	ldr	r4, [pc, #80]	@ (20000330 <_crt_init+0x58>)
200002e0:	2100      	movs	r1, #0
200002e2:	4293      	cmp	r3, r2
200002e4:	6021      	str	r1, [r4, #0]
200002e6:	4604      	mov	r4, r0
200002e8:	d203      	bcs.n	200002f2 <_crt_init+0x1a>
200002ea:	1ad2      	subs	r2, r2, r3
200002ec:	4618      	mov	r0, r3
200002ee:	f000 fc84 	bl	20000bfa <memset>
200002f2:	4620      	mov	r0, r4
200002f4:	4c0f      	ldr	r4, [pc, #60]	@ (20000334 <_crt_init+0x5c>)
200002f6:	f000 f889 	bl	2000040c <runtime_usart_init>
200002fa:	6821      	ldr	r1, [r4, #0]
200002fc:	2300      	movs	r3, #0
200002fe:	6848      	ldr	r0, [r1, #4]
20000300:	2202      	movs	r2, #2
20000302:	4619      	mov	r1, r3
20000304:	f000 fb80 	bl	20000a08 <setvbuf>
20000308:	6820      	ldr	r0, [r4, #0]
2000030a:	2300      	movs	r3, #0
2000030c:	4619      	mov	r1, r3
2000030e:	2202      	movs	r2, #2
20000310:	6880      	ldr	r0, [r0, #8]
20000312:	f000 fb79 	bl	20000a08 <setvbuf>
20000316:	6820      	ldr	r0, [r4, #0]
20000318:	2300      	movs	r3, #0
2000031a:	e8bd 4010 	ldmia.w	sp!, {r4, lr}
2000031e:	68c0      	ldr	r0, [r0, #12]
20000320:	2202      	movs	r2, #2
20000322:	4619      	mov	r1, r3
20000324:	f000 bb70 	b.w	20000a08 <setvbuf>
20000328:	200010fc 	.word	0x200010fc
2000032c:	20001254 	.word	0x20001254
20000330:	20001100 	.word	0x20001100
20000334:	200010ac 	.word	0x200010ac

20000338 <_crt_deinit>:
20000338:	f000 b872 	b.w	20000420 <runtime_usart_deinit>

2000033c <_write>:
2000033c:	1e43      	subs	r3, r0, #1
2000033e:	2b01      	cmp	r3, #1
20000340:	4608      	mov	r0, r1
20000342:	d901      	bls.n	20000348 <_write+0xc>
20000344:	2000      	movs	r0, #0
20000346:	4770      	bx	lr
20000348:	4611      	mov	r1, r2
2000034a:	f000 b899 	b.w	20000480 <runtime_usart_write>
2000034e:	bf00      	nop

20000350 <_read>:
20000350:	460b      	mov	r3, r1
20000352:	b108      	cbz	r0, 20000358 <_read+0x8>
20000354:	2000      	movs	r0, #0
20000356:	4770      	bx	lr
20000358:	4611      	mov	r1, r2
2000035a:	4618      	mov	r0, r3
2000035c:	f000 b86e 	b.w	2000043c <runtime_usart_read>

20000360 <_close>:
20000360:	f04f 30ff 	mov.w	r0, #4294967295
20000364:	4770      	bx	lr
20000366:	bf00      	nop

20000368 <_open>:
20000368:	f04f 30ff 	mov.w	r0, #4294967295
2000036c:	4770      	bx	lr
2000036e:	bf00      	nop

20000370 <_fstat>:
20000370:	2000      	movs	r0, #0
20000372:	4770      	bx	lr

20000374 <_lseek>:
20000374:	2000      	movs	r0, #0
20000376:	4770      	bx	lr

20000378 <_isatty>:
20000378:	3801      	subs	r0, #1
2000037a:	2801      	cmp	r0, #1
2000037c:	d901      	bls.n	20000382 <_isatty+0xa>
2000037e:	2000      	movs	r0, #0
20000380:	4770      	bx	lr
20000382:	f000 b895 	b.w	200004b0 <runtime_usart_isatty>
20000386:	bf00      	nop

20000388 <md407_runtime_uartinit>:
20000388:	4b18      	ldr	r3, [pc, #96]	@ (200003ec <md407_runtime_uartinit+0x64>)
2000038a:	4a19      	ldr	r2, [pc, #100]	@ (200003f0 <md407_runtime_uartinit+0x68>)
2000038c:	6c59      	ldr	r1, [r3, #68]	@ 0x44
2000038e:	4819      	ldr	r0, [pc, #100]	@ (200003f4 <md407_runtime_uartinit+0x6c>)
20000390:	f041 0110 	orr.w	r1, r1, #16
20000394:	b410      	push	{r4}
20000396:	6459      	str	r1, [r3, #68]	@ 0x44
20000398:	6b19      	ldr	r1, [r3, #48]	@ 0x30
2000039a:	f041 0101 	orr.w	r1, r1, #1
2000039e:	6319      	str	r1, [r3, #48]	@ 0x30
200003a0:	6a59      	ldr	r1, [r3, #36]	@ 0x24
200003a2:	f041 0110 	orr.w	r1, r1, #16
200003a6:	6259      	str	r1, [r3, #36]	@ 0x24
200003a8:	6a59      	ldr	r1, [r3, #36]	@ 0x24
200003aa:	f021 0110 	bic.w	r1, r1, #16
200003ae:	6259      	str	r1, [r3, #36]	@ 0x24
200003b0:	6919      	ldr	r1, [r3, #16]
200003b2:	f041 0101 	orr.w	r1, r1, #1
200003b6:	6119      	str	r1, [r3, #16]
200003b8:	6919      	ldr	r1, [r3, #16]
200003ba:	f021 0101 	bic.w	r1, r1, #1
200003be:	6119      	str	r1, [r3, #16]
200003c0:	6a53      	ldr	r3, [r2, #36]	@ 0x24
200003c2:	f443 63ee 	orr.w	r3, r3, #1904	@ 0x770
200003c6:	6253      	str	r3, [r2, #36]	@ 0x24
200003c8:	6813      	ldr	r3, [r2, #0]
200003ca:	f443 1320 	orr.w	r3, r3, #2621440	@ 0x280000
200003ce:	6013      	str	r3, [r2, #0]
200003d0:	68d3      	ldr	r3, [r2, #12]
200003d2:	f240 24d9 	movw	r4, #729	@ 0x2d9
200003d6:	f242 010c 	movw	r1, #8204	@ 0x200c
200003da:	f443 1380 	orr.w	r3, r3, #1048576	@ 0x100000
200003de:	60d3      	str	r3, [r2, #12]
200003e0:	6084      	str	r4, [r0, #8]
200003e2:	f85d 4b04 	ldr.w	r4, [sp], #4
200003e6:	60c1      	str	r1, [r0, #12]
200003e8:	4770      	bx	lr
200003ea:	bf00      	nop
200003ec:	40023800 	.word	0x40023800
200003f0:	40020000 	.word	0x40020000
200003f4:	40011000 	.word	0x40011000

200003f8 <runtime_tstchar>:
200003f8:	4b03      	ldr	r3, [pc, #12]	@ (20000408 <runtime_tstchar+0x10>)
200003fa:	6818      	ldr	r0, [r3, #0]
200003fc:	f010 0020 	ands.w	r0, r0, #32
20000400:	bf1c      	itt	ne
20000402:	6858      	ldrne	r0, [r3, #4]
20000404:	b2c0      	uxtbne	r0, r0
20000406:	4770      	bx	lr
20000408:	40011000 	.word	0x40011000

2000040c <runtime_usart_init>:
2000040c:	4b03      	ldr	r3, [pc, #12]	@ (2000041c <runtime_usart_init+0x10>)
2000040e:	2000      	movs	r0, #0
20000410:	f240 22d9 	movw	r2, #729	@ 0x2d9
20000414:	609a      	str	r2, [r3, #8]
20000416:	6158      	str	r0, [r3, #20]
20000418:	6118      	str	r0, [r3, #16]
2000041a:	4770      	bx	lr
2000041c:	40011000 	.word	0x40011000

20000420 <runtime_usart_deinit>:
20000420:	b508      	push	{r3, lr}
20000422:	4b04      	ldr	r3, [pc, #16]	@ (20000434 <runtime_usart_deinit+0x14>)
20000424:	681b      	ldr	r3, [r3, #0]
20000426:	6898      	ldr	r0, [r3, #8]
20000428:	f000 f992 	bl	20000750 <fflush>
2000042c:	4b02      	ldr	r3, [pc, #8]	@ (20000438 <runtime_usart_deinit+0x18>)
2000042e:	2200      	movs	r2, #0
20000430:	60da      	str	r2, [r3, #12]
20000432:	bd08      	pop	{r3, pc}
20000434:	200010ac 	.word	0x200010ac
20000438:	40011000 	.word	0x40011000

2000043c <runtime_usart_read>:
2000043c:	4a09      	ldr	r2, [pc, #36]	@ (20000464 <runtime_usart_read+0x28>)
2000043e:	b500      	push	{lr}
20000440:	4686      	mov	lr, r0
20000442:	2000      	movs	r0, #0
20000444:	6813      	ldr	r3, [r2, #0]
20000446:	069b      	lsls	r3, r3, #26
20000448:	d508      	bpl.n	2000045c <runtime_usart_read+0x20>
2000044a:	6853      	ldr	r3, [r2, #4]
2000044c:	f013 03ff 	ands.w	r3, r3, #255	@ 0xff
20000450:	46f4      	mov	ip, lr
20000452:	d003      	beq.n	2000045c <runtime_usart_read+0x20>
20000454:	f80c 3b01 	strb.w	r3, [ip], #1
20000458:	3001      	adds	r0, #1
2000045a:	46e6      	mov	lr, ip
2000045c:	4288      	cmp	r0, r1
2000045e:	d1f1      	bne.n	20000444 <runtime_usart_read+0x8>
20000460:	f85d fb04 	ldr.w	pc, [sp], #4
20000464:	40011000 	.word	0x40011000

20000468 <runtime_outchar>:
20000468:	4a04      	ldr	r2, [pc, #16]	@ (2000047c <runtime_outchar+0x14>)
2000046a:	6813      	ldr	r3, [r2, #0]
2000046c:	061b      	lsls	r3, r3, #24
2000046e:	d5fc      	bpl.n	2000046a <runtime_outchar+0x2>
20000470:	280a      	cmp	r0, #10
20000472:	6050      	str	r0, [r2, #4]
20000474:	d101      	bne.n	2000047a <runtime_outchar+0x12>
20000476:	200d      	movs	r0, #13
20000478:	e7f7      	b.n	2000046a <runtime_outchar+0x2>
2000047a:	4770      	bx	lr
2000047c:	40011000 	.word	0x40011000

20000480 <runtime_usart_write>:
20000480:	4684      	mov	ip, r0
20000482:	4608      	mov	r0, r1
20000484:	b189      	cbz	r1, 200004aa <runtime_usart_write+0x2a>
20000486:	4a09      	ldr	r2, [pc, #36]	@ (200004ac <runtime_usart_write+0x2c>)
20000488:	b500      	push	{lr}
2000048a:	eb0c 0e01 	add.w	lr, ip, r1
2000048e:	f81c 1b01 	ldrb.w	r1, [ip], #1
20000492:	6813      	ldr	r3, [r2, #0]
20000494:	061b      	lsls	r3, r3, #24
20000496:	d5fc      	bpl.n	20000492 <runtime_usart_write+0x12>
20000498:	290a      	cmp	r1, #10
2000049a:	6051      	str	r1, [r2, #4]
2000049c:	d101      	bne.n	200004a2 <runtime_usart_write+0x22>
2000049e:	210d      	movs	r1, #13
200004a0:	e7f7      	b.n	20000492 <runtime_usart_write+0x12>
200004a2:	45e6      	cmp	lr, ip
200004a4:	d1f3      	bne.n	2000048e <runtime_usart_write+0xe>
200004a6:	f85d fb04 	ldr.w	pc, [sp], #4
200004aa:	4770      	bx	lr
200004ac:	40011000 	.word	0x40011000

200004b0 <runtime_usart_isatty>:
200004b0:	2001      	movs	r0, #1
200004b2:	4770      	bx	lr

200004b4 <md407_runtime_portinit>:
200004b4:	4b16      	ldr	r3, [pc, #88]	@ (20000510 <md407_runtime_portinit+0x5c>)
200004b6:	4817      	ldr	r0, [pc, #92]	@ (20000514 <md407_runtime_portinit+0x60>)
200004b8:	6b1a      	ldr	r2, [r3, #48]	@ 0x30
200004ba:	4917      	ldr	r1, [pc, #92]	@ (20000518 <md407_runtime_portinit+0x64>)
200004bc:	f042 0218 	orr.w	r2, r2, #24
200004c0:	b410      	push	{r4}
200004c2:	631a      	str	r2, [r3, #48]	@ 0x30
200004c4:	6c5c      	ldr	r4, [r3, #68]	@ 0x44
200004c6:	f444 4480 	orr.w	r4, r4, #16384	@ 0x4000
200004ca:	645c      	str	r4, [r3, #68]	@ 0x44
200004cc:	691c      	ldr	r4, [r3, #16]
200004ce:	f044 0418 	orr.w	r4, r4, #24
200004d2:	611c      	str	r4, [r3, #16]
200004d4:	691c      	ldr	r4, [r3, #16]
200004d6:	f024 0418 	bic.w	r4, r4, #24
200004da:	611c      	str	r4, [r3, #16]
200004dc:	695c      	ldr	r4, [r3, #20]
200004de:	f444 4480 	orr.w	r4, r4, #16384	@ 0x4000
200004e2:	615c      	str	r4, [r3, #20]
200004e4:	695c      	ldr	r4, [r3, #20]
200004e6:	f424 4480 	bic.w	r4, r4, #16384	@ 0x4000
200004ea:	615c      	str	r4, [r3, #20]
200004ec:	2200      	movs	r2, #0
200004ee:	f04f 33aa 	mov.w	r3, #2863311530	@ 0xaaaaaaaa
200004f2:	6002      	str	r2, [r0, #0]
200004f4:	f85d 4b04 	ldr.w	r4, [sp], #4
200004f8:	60c3      	str	r3, [r0, #12]
200004fa:	6042      	str	r2, [r0, #4]
200004fc:	6082      	str	r2, [r0, #8]
200004fe:	6102      	str	r2, [r0, #16]
20000500:	6142      	str	r2, [r0, #20]
20000502:	600a      	str	r2, [r1, #0]
20000504:	60cb      	str	r3, [r1, #12]
20000506:	604a      	str	r2, [r1, #4]
20000508:	608a      	str	r2, [r1, #8]
2000050a:	610a      	str	r2, [r1, #16]
2000050c:	614a      	str	r2, [r1, #20]
2000050e:	4770      	bx	lr
20000510:	40023800 	.word	0x40023800
20000514:	40021000 	.word	0x40021000
20000518:	40020c00 	.word	0x40020c00

2000051c <md407_runtime_clockinit>:
2000051c:	4a33      	ldr	r2, [pc, #204]	@ (200005ec <md407_runtime_clockinit+0xd0>)
2000051e:	4834      	ldr	r0, [pc, #208]	@ (200005f0 <md407_runtime_clockinit+0xd4>)
20000520:	6813      	ldr	r3, [r2, #0]
20000522:	2100      	movs	r1, #0
20000524:	f043 0301 	orr.w	r3, r3, #1
20000528:	b082      	sub	sp, #8
2000052a:	6013      	str	r3, [r2, #0]
2000052c:	6091      	str	r1, [r2, #8]
2000052e:	6813      	ldr	r3, [r2, #0]
20000530:	f023 7384 	bic.w	r3, r3, #17301504	@ 0x1080000
20000534:	f423 3380 	bic.w	r3, r3, #65536	@ 0x10000
20000538:	6013      	str	r3, [r2, #0]
2000053a:	6050      	str	r0, [r2, #4]
2000053c:	6813      	ldr	r3, [r2, #0]
2000053e:	f423 2380 	bic.w	r3, r3, #262144	@ 0x40000
20000542:	6013      	str	r3, [r2, #0]
20000544:	60d1      	str	r1, [r2, #12]
20000546:	9100      	str	r1, [sp, #0]
20000548:	9101      	str	r1, [sp, #4]
2000054a:	6813      	ldr	r3, [r2, #0]
2000054c:	f443 3380 	orr.w	r3, r3, #65536	@ 0x10000
20000550:	6013      	str	r3, [r2, #0]
20000552:	e003      	b.n	2000055c <md407_runtime_clockinit+0x40>
20000554:	9b00      	ldr	r3, [sp, #0]
20000556:	f5b3 4fa0 	cmp.w	r3, #20480	@ 0x5000
2000055a:	d009      	beq.n	20000570 <md407_runtime_clockinit+0x54>
2000055c:	6813      	ldr	r3, [r2, #0]
2000055e:	f403 3300 	and.w	r3, r3, #131072	@ 0x20000
20000562:	9301      	str	r3, [sp, #4]
20000564:	9b00      	ldr	r3, [sp, #0]
20000566:	3301      	adds	r3, #1
20000568:	9300      	str	r3, [sp, #0]
2000056a:	9b01      	ldr	r3, [sp, #4]
2000056c:	2b00      	cmp	r3, #0
2000056e:	d0f1      	beq.n	20000554 <md407_runtime_clockinit+0x38>
20000570:	4b1e      	ldr	r3, [pc, #120]	@ (200005ec <md407_runtime_clockinit+0xd0>)
20000572:	681b      	ldr	r3, [r3, #0]
20000574:	f413 3300 	ands.w	r3, r3, #131072	@ 0x20000
20000578:	bf18      	it	ne
2000057a:	2301      	movne	r3, #1
2000057c:	9301      	str	r3, [sp, #4]
2000057e:	9b01      	ldr	r3, [sp, #4]
20000580:	2b01      	cmp	r3, #1
20000582:	d001      	beq.n	20000588 <md407_runtime_clockinit+0x6c>
20000584:	b002      	add	sp, #8
20000586:	4770      	bx	lr
20000588:	4b18      	ldr	r3, [pc, #96]	@ (200005ec <md407_runtime_clockinit+0xd0>)
2000058a:	491a      	ldr	r1, [pc, #104]	@ (200005f4 <md407_runtime_clockinit+0xd8>)
2000058c:	6c1a      	ldr	r2, [r3, #64]	@ 0x40
2000058e:	481a      	ldr	r0, [pc, #104]	@ (200005f8 <md407_runtime_clockinit+0xdc>)
20000590:	f042 5280 	orr.w	r2, r2, #268435456	@ 0x10000000
20000594:	641a      	str	r2, [r3, #64]	@ 0x40
20000596:	680a      	ldr	r2, [r1, #0]
20000598:	f442 4240 	orr.w	r2, r2, #49152	@ 0xc000
2000059c:	600a      	str	r2, [r1, #0]
2000059e:	689a      	ldr	r2, [r3, #8]
200005a0:	609a      	str	r2, [r3, #8]
200005a2:	689a      	ldr	r2, [r3, #8]
200005a4:	f442 4200 	orr.w	r2, r2, #32768	@ 0x8000
200005a8:	609a      	str	r2, [r3, #8]
200005aa:	689a      	ldr	r2, [r3, #8]
200005ac:	f442 52a0 	orr.w	r2, r2, #5120	@ 0x1400
200005b0:	609a      	str	r2, [r3, #8]
200005b2:	6058      	str	r0, [r3, #4]
200005b4:	681a      	ldr	r2, [r3, #0]
200005b6:	f042 7280 	orr.w	r2, r2, #16777216	@ 0x1000000
200005ba:	601a      	str	r2, [r3, #0]
200005bc:	681a      	ldr	r2, [r3, #0]
200005be:	0192      	lsls	r2, r2, #6
200005c0:	d5fc      	bpl.n	200005bc <md407_runtime_clockinit+0xa0>
200005c2:	4a0e      	ldr	r2, [pc, #56]	@ (200005fc <md407_runtime_clockinit+0xe0>)
200005c4:	f240 6105 	movw	r1, #1541	@ 0x605
200005c8:	6011      	str	r1, [r2, #0]
200005ca:	6899      	ldr	r1, [r3, #8]
200005cc:	f021 0103 	bic.w	r1, r1, #3
200005d0:	6099      	str	r1, [r3, #8]
200005d2:	6899      	ldr	r1, [r3, #8]
200005d4:	f041 0102 	orr.w	r1, r1, #2
200005d8:	f5a2 6280 	sub.w	r2, r2, #1024	@ 0x400
200005dc:	6099      	str	r1, [r3, #8]
200005de:	6893      	ldr	r3, [r2, #8]
200005e0:	f003 030c 	and.w	r3, r3, #12
200005e4:	2b08      	cmp	r3, #8
200005e6:	d1fa      	bne.n	200005de <md407_runtime_clockinit+0xc2>
200005e8:	b002      	add	sp, #8
200005ea:	4770      	bx	lr
200005ec:	40023800 	.word	0x40023800
200005f0:	24003010 	.word	0x24003010
200005f4:	40007000 	.word	0x40007000
200005f8:	08405408 	.word	0x08405408
200005fc:	40023c00 	.word	0x40023c00

20000600 <__sflush_r>:
20000600:	f9b1 200c 	ldrsh.w	r2, [r1, #12]
20000604:	b5f8      	push	{r3, r4, r5, r6, r7, lr}
20000606:	0717      	lsls	r7, r2, #28
20000608:	4605      	mov	r5, r0
2000060a:	460c      	mov	r4, r1
2000060c:	d456      	bmi.n	200006bc <__sflush_r+0xbc>
2000060e:	684b      	ldr	r3, [r1, #4]
20000610:	2b00      	cmp	r3, #0
20000612:	dc02      	bgt.n	2000061a <__sflush_r+0x1a>
20000614:	6c0b      	ldr	r3, [r1, #64]	@ 0x40
20000616:	2b00      	cmp	r3, #0
20000618:	dd3d      	ble.n	20000696 <__sflush_r+0x96>
2000061a:	6ae6      	ldr	r6, [r4, #44]	@ 0x2c
2000061c:	2e00      	cmp	r6, #0
2000061e:	d03a      	beq.n	20000696 <__sflush_r+0x96>
20000620:	2300      	movs	r3, #0
20000622:	f412 5280 	ands.w	r2, r2, #4096	@ 0x1000
20000626:	682f      	ldr	r7, [r5, #0]
20000628:	6a21      	ldr	r1, [r4, #32]
2000062a:	602b      	str	r3, [r5, #0]
2000062c:	d025      	beq.n	2000067a <__sflush_r+0x7a>
2000062e:	6d62      	ldr	r2, [r4, #84]	@ 0x54
20000630:	89a3      	ldrh	r3, [r4, #12]
20000632:	0758      	lsls	r0, r3, #29
20000634:	d505      	bpl.n	20000642 <__sflush_r+0x42>
20000636:	6863      	ldr	r3, [r4, #4]
20000638:	1ad2      	subs	r2, r2, r3
2000063a:	6b63      	ldr	r3, [r4, #52]	@ 0x34
2000063c:	b10b      	cbz	r3, 20000642 <__sflush_r+0x42>
2000063e:	6c23      	ldr	r3, [r4, #64]	@ 0x40
20000640:	1ad2      	subs	r2, r2, r3
20000642:	6a21      	ldr	r1, [r4, #32]
20000644:	6ae6      	ldr	r6, [r4, #44]	@ 0x2c
20000646:	2300      	movs	r3, #0
20000648:	4628      	mov	r0, r5
2000064a:	47b0      	blx	r6
2000064c:	1c41      	adds	r1, r0, #1
2000064e:	d024      	beq.n	2000069a <__sflush_r+0x9a>
20000650:	2300      	movs	r3, #0
20000652:	6063      	str	r3, [r4, #4]
20000654:	6923      	ldr	r3, [r4, #16]
20000656:	6023      	str	r3, [r4, #0]
20000658:	89a3      	ldrh	r3, [r4, #12]
2000065a:	04da      	lsls	r2, r3, #19
2000065c:	d500      	bpl.n	20000660 <__sflush_r+0x60>
2000065e:	6560      	str	r0, [r4, #84]	@ 0x54
20000660:	6b61      	ldr	r1, [r4, #52]	@ 0x34
20000662:	602f      	str	r7, [r5, #0]
20000664:	b1b9      	cbz	r1, 20000696 <__sflush_r+0x96>
20000666:	f104 0344 	add.w	r3, r4, #68	@ 0x44
2000066a:	4299      	cmp	r1, r3
2000066c:	d002      	beq.n	20000674 <__sflush_r+0x74>
2000066e:	4628      	mov	r0, r5
20000670:	f000 fb7a 	bl	20000d68 <_free_r>
20000674:	2300      	movs	r3, #0
20000676:	6363      	str	r3, [r4, #52]	@ 0x34
20000678:	e00d      	b.n	20000696 <__sflush_r+0x96>
2000067a:	2301      	movs	r3, #1
2000067c:	4628      	mov	r0, r5
2000067e:	47b0      	blx	r6
20000680:	1c46      	adds	r6, r0, #1
20000682:	4602      	mov	r2, r0
20000684:	d1d4      	bne.n	20000630 <__sflush_r+0x30>
20000686:	682b      	ldr	r3, [r5, #0]
20000688:	2b00      	cmp	r3, #0
2000068a:	d0d1      	beq.n	20000630 <__sflush_r+0x30>
2000068c:	2b1d      	cmp	r3, #29
2000068e:	d001      	beq.n	20000694 <__sflush_r+0x94>
20000690:	2b16      	cmp	r3, #22
20000692:	d12a      	bne.n	200006ea <__sflush_r+0xea>
20000694:	602f      	str	r7, [r5, #0]
20000696:	2000      	movs	r0, #0
20000698:	e02e      	b.n	200006f8 <__sflush_r+0xf8>
2000069a:	682a      	ldr	r2, [r5, #0]
2000069c:	f9b4 300c 	ldrsh.w	r3, [r4, #12]
200006a0:	b142      	cbz	r2, 200006b4 <__sflush_r+0xb4>
200006a2:	2a1d      	cmp	r2, #29
200006a4:	d001      	beq.n	200006aa <__sflush_r+0xaa>
200006a6:	2a16      	cmp	r2, #22
200006a8:	d121      	bne.n	200006ee <__sflush_r+0xee>
200006aa:	2300      	movs	r3, #0
200006ac:	6063      	str	r3, [r4, #4]
200006ae:	6923      	ldr	r3, [r4, #16]
200006b0:	6023      	str	r3, [r4, #0]
200006b2:	e7d5      	b.n	20000660 <__sflush_r+0x60>
200006b4:	6062      	str	r2, [r4, #4]
200006b6:	6922      	ldr	r2, [r4, #16]
200006b8:	6022      	str	r2, [r4, #0]
200006ba:	e7ce      	b.n	2000065a <__sflush_r+0x5a>
200006bc:	690f      	ldr	r7, [r1, #16]
200006be:	2f00      	cmp	r7, #0
200006c0:	d0e9      	beq.n	20000696 <__sflush_r+0x96>
200006c2:	0793      	lsls	r3, r2, #30
200006c4:	680e      	ldr	r6, [r1, #0]
200006c6:	bf08      	it	eq
200006c8:	694b      	ldreq	r3, [r1, #20]
200006ca:	600f      	str	r7, [r1, #0]
200006cc:	bf18      	it	ne
200006ce:	2300      	movne	r3, #0
200006d0:	1bf6      	subs	r6, r6, r7
200006d2:	608b      	str	r3, [r1, #8]
200006d4:	2e00      	cmp	r6, #0
200006d6:	ddde      	ble.n	20000696 <__sflush_r+0x96>
200006d8:	6a21      	ldr	r1, [r4, #32]
200006da:	f8d4 c028 	ldr.w	ip, [r4, #40]	@ 0x28
200006de:	4633      	mov	r3, r6
200006e0:	463a      	mov	r2, r7
200006e2:	4628      	mov	r0, r5
200006e4:	47e0      	blx	ip
200006e6:	2800      	cmp	r0, #0
200006e8:	dc07      	bgt.n	200006fa <__sflush_r+0xfa>
200006ea:	f9b4 300c 	ldrsh.w	r3, [r4, #12]
200006ee:	f043 0340 	orr.w	r3, r3, #64	@ 0x40
200006f2:	81a3      	strh	r3, [r4, #12]
200006f4:	f04f 30ff 	mov.w	r0, #4294967295
200006f8:	bdf8      	pop	{r3, r4, r5, r6, r7, pc}
200006fa:	4407      	add	r7, r0
200006fc:	1a36      	subs	r6, r6, r0
200006fe:	e7e9      	b.n	200006d4 <__sflush_r+0xd4>

20000700 <_fflush_r>:
20000700:	b538      	push	{r3, r4, r5, lr}
20000702:	690b      	ldr	r3, [r1, #16]
20000704:	4605      	mov	r5, r0
20000706:	460c      	mov	r4, r1
20000708:	b913      	cbnz	r3, 20000710 <_fflush_r+0x10>
2000070a:	2500      	movs	r5, #0
2000070c:	4628      	mov	r0, r5
2000070e:	bd38      	pop	{r3, r4, r5, pc}
20000710:	b118      	cbz	r0, 2000071a <_fflush_r+0x1a>
20000712:	6a03      	ldr	r3, [r0, #32]
20000714:	b90b      	cbnz	r3, 2000071a <_fflush_r+0x1a>
20000716:	f000 f925 	bl	20000964 <__sinit>
2000071a:	f9b4 300c 	ldrsh.w	r3, [r4, #12]
2000071e:	2b00      	cmp	r3, #0
20000720:	d0f3      	beq.n	2000070a <_fflush_r+0xa>
20000722:	6e62      	ldr	r2, [r4, #100]	@ 0x64
20000724:	07d0      	lsls	r0, r2, #31
20000726:	d404      	bmi.n	20000732 <_fflush_r+0x32>
20000728:	0599      	lsls	r1, r3, #22
2000072a:	d402      	bmi.n	20000732 <_fflush_r+0x32>
2000072c:	6da0      	ldr	r0, [r4, #88]	@ 0x58
2000072e:	f000 fb14 	bl	20000d5a <__retarget_lock_acquire_recursive>
20000732:	4628      	mov	r0, r5
20000734:	4621      	mov	r1, r4
20000736:	f7ff ff63 	bl	20000600 <__sflush_r>
2000073a:	6e63      	ldr	r3, [r4, #100]	@ 0x64
2000073c:	07da      	lsls	r2, r3, #31
2000073e:	4605      	mov	r5, r0
20000740:	d4e4      	bmi.n	2000070c <_fflush_r+0xc>
20000742:	89a3      	ldrh	r3, [r4, #12]
20000744:	059b      	lsls	r3, r3, #22
20000746:	d4e1      	bmi.n	2000070c <_fflush_r+0xc>
20000748:	6da0      	ldr	r0, [r4, #88]	@ 0x58
2000074a:	f000 fb0c 	bl	20000d66 <__retarget_lock_release_recursive>
2000074e:	e7dd      	b.n	2000070c <_fflush_r+0xc>

20000750 <fflush>:
20000750:	4601      	mov	r1, r0
20000752:	b920      	cbnz	r0, 2000075e <fflush+0xe>
20000754:	4a04      	ldr	r2, [pc, #16]	@ (20000768 <fflush+0x18>)
20000756:	4905      	ldr	r1, [pc, #20]	@ (2000076c <fflush+0x1c>)
20000758:	4805      	ldr	r0, [pc, #20]	@ (20000770 <fflush+0x20>)
2000075a:	f000 b937 	b.w	200009cc <_fwalk_sglue>
2000075e:	4b05      	ldr	r3, [pc, #20]	@ (20000774 <fflush+0x24>)
20000760:	6818      	ldr	r0, [r3, #0]
20000762:	f7ff bfcd 	b.w	20000700 <_fflush_r>
20000766:	bf00      	nop
20000768:	200010a0 	.word	0x200010a0
2000076c:	20000701 	.word	0x20000701
20000770:	200010b0 	.word	0x200010b0
20000774:	200010ac 	.word	0x200010ac

20000778 <std>:
20000778:	2300      	movs	r3, #0
2000077a:	b510      	push	{r4, lr}
2000077c:	4604      	mov	r4, r0
2000077e:	e9c0 3300 	strd	r3, r3, [r0]
20000782:	e9c0 3304 	strd	r3, r3, [r0, #16]
20000786:	6083      	str	r3, [r0, #8]
20000788:	8181      	strh	r1, [r0, #12]
2000078a:	6643      	str	r3, [r0, #100]	@ 0x64
2000078c:	81c2      	strh	r2, [r0, #14]
2000078e:	6183      	str	r3, [r0, #24]
20000790:	4619      	mov	r1, r3
20000792:	2208      	movs	r2, #8
20000794:	305c      	adds	r0, #92	@ 0x5c
20000796:	f000 fa30 	bl	20000bfa <memset>
2000079a:	4b0d      	ldr	r3, [pc, #52]	@ (200007d0 <std+0x58>)
2000079c:	6263      	str	r3, [r4, #36]	@ 0x24
2000079e:	4b0d      	ldr	r3, [pc, #52]	@ (200007d4 <std+0x5c>)
200007a0:	62a3      	str	r3, [r4, #40]	@ 0x28
200007a2:	4b0d      	ldr	r3, [pc, #52]	@ (200007d8 <std+0x60>)
200007a4:	62e3      	str	r3, [r4, #44]	@ 0x2c
200007a6:	4b0d      	ldr	r3, [pc, #52]	@ (200007dc <std+0x64>)
200007a8:	6323      	str	r3, [r4, #48]	@ 0x30
200007aa:	4b0d      	ldr	r3, [pc, #52]	@ (200007e0 <std+0x68>)
200007ac:	6224      	str	r4, [r4, #32]
200007ae:	429c      	cmp	r4, r3
200007b0:	d006      	beq.n	200007c0 <std+0x48>
200007b2:	f103 0268 	add.w	r2, r3, #104	@ 0x68
200007b6:	4294      	cmp	r4, r2
200007b8:	d002      	beq.n	200007c0 <std+0x48>
200007ba:	33d0      	adds	r3, #208	@ 0xd0
200007bc:	429c      	cmp	r4, r3
200007be:	d105      	bne.n	200007cc <std+0x54>
200007c0:	f104 0058 	add.w	r0, r4, #88	@ 0x58
200007c4:	e8bd 4010 	ldmia.w	sp!, {r4, lr}
200007c8:	f000 bac3 	b.w	20000d52 <__retarget_lock_init_recursive>
200007cc:	bd10      	pop	{r4, pc}
200007ce:	bf00      	nop
200007d0:	20000b71 	.word	0x20000b71
200007d4:	20000b97 	.word	0x20000b97
200007d8:	20000bcf 	.word	0x20000bcf
200007dc:	20000bf3 	.word	0x20000bf3
200007e0:	20001104 	.word	0x20001104

200007e4 <stdio_exit_handler>:
200007e4:	4a02      	ldr	r2, [pc, #8]	@ (200007f0 <stdio_exit_handler+0xc>)
200007e6:	4903      	ldr	r1, [pc, #12]	@ (200007f4 <stdio_exit_handler+0x10>)
200007e8:	4803      	ldr	r0, [pc, #12]	@ (200007f8 <stdio_exit_handler+0x14>)
200007ea:	f000 b8ef 	b.w	200009cc <_fwalk_sglue>
200007ee:	bf00      	nop
200007f0:	200010a0 	.word	0x200010a0
200007f4:	20000701 	.word	0x20000701
200007f8:	200010b0 	.word	0x200010b0

200007fc <cleanup_stdio>:
200007fc:	6841      	ldr	r1, [r0, #4]
200007fe:	4b0c      	ldr	r3, [pc, #48]	@ (20000830 <cleanup_stdio+0x34>)
20000800:	4299      	cmp	r1, r3
20000802:	b510      	push	{r4, lr}
20000804:	4604      	mov	r4, r0
20000806:	d001      	beq.n	2000080c <cleanup_stdio+0x10>
20000808:	f7ff ff7a 	bl	20000700 <_fflush_r>
2000080c:	68a1      	ldr	r1, [r4, #8]
2000080e:	4b09      	ldr	r3, [pc, #36]	@ (20000834 <cleanup_stdio+0x38>)
20000810:	4299      	cmp	r1, r3
20000812:	d002      	beq.n	2000081a <cleanup_stdio+0x1e>
20000814:	4620      	mov	r0, r4
20000816:	f7ff ff73 	bl	20000700 <_fflush_r>
2000081a:	68e1      	ldr	r1, [r4, #12]
2000081c:	4b06      	ldr	r3, [pc, #24]	@ (20000838 <cleanup_stdio+0x3c>)
2000081e:	4299      	cmp	r1, r3
20000820:	d004      	beq.n	2000082c <cleanup_stdio+0x30>
20000822:	4620      	mov	r0, r4
20000824:	e8bd 4010 	ldmia.w	sp!, {r4, lr}
20000828:	f7ff bf6a 	b.w	20000700 <_fflush_r>
2000082c:	bd10      	pop	{r4, pc}
2000082e:	bf00      	nop
20000830:	20001104 	.word	0x20001104
20000834:	2000116c 	.word	0x2000116c
20000838:	200011d4 	.word	0x200011d4

2000083c <__fp_lock>:
2000083c:	b508      	push	{r3, lr}
2000083e:	6e4b      	ldr	r3, [r1, #100]	@ 0x64
20000840:	07da      	lsls	r2, r3, #31
20000842:	d405      	bmi.n	20000850 <__fp_lock+0x14>
20000844:	898b      	ldrh	r3, [r1, #12]
20000846:	059b      	lsls	r3, r3, #22
20000848:	d402      	bmi.n	20000850 <__fp_lock+0x14>
2000084a:	6d88      	ldr	r0, [r1, #88]	@ 0x58
2000084c:	f000 fa85 	bl	20000d5a <__retarget_lock_acquire_recursive>
20000850:	2000      	movs	r0, #0
20000852:	bd08      	pop	{r3, pc}

20000854 <__fp_unlock>:
20000854:	b508      	push	{r3, lr}
20000856:	6e4b      	ldr	r3, [r1, #100]	@ 0x64
20000858:	07da      	lsls	r2, r3, #31
2000085a:	d405      	bmi.n	20000868 <__fp_unlock+0x14>
2000085c:	898b      	ldrh	r3, [r1, #12]
2000085e:	059b      	lsls	r3, r3, #22
20000860:	d402      	bmi.n	20000868 <__fp_unlock+0x14>
20000862:	6d88      	ldr	r0, [r1, #88]	@ 0x58
20000864:	f000 fa7f 	bl	20000d66 <__retarget_lock_release_recursive>
20000868:	2000      	movs	r0, #0
2000086a:	bd08      	pop	{r3, pc}

2000086c <global_stdio_init.part.0>:
2000086c:	b510      	push	{r4, lr}
2000086e:	4b0b      	ldr	r3, [pc, #44]	@ (2000089c <global_stdio_init.part.0+0x30>)
20000870:	4c0b      	ldr	r4, [pc, #44]	@ (200008a0 <global_stdio_init.part.0+0x34>)
20000872:	4a0c      	ldr	r2, [pc, #48]	@ (200008a4 <global_stdio_init.part.0+0x38>)
20000874:	601a      	str	r2, [r3, #0]
20000876:	4620      	mov	r0, r4
20000878:	2200      	movs	r2, #0
2000087a:	2104      	movs	r1, #4
2000087c:	f7ff ff7c 	bl	20000778 <std>
20000880:	f104 0068 	add.w	r0, r4, #104	@ 0x68
20000884:	2201      	movs	r2, #1
20000886:	2109      	movs	r1, #9
20000888:	f7ff ff76 	bl	20000778 <std>
2000088c:	f104 00d0 	add.w	r0, r4, #208	@ 0xd0
20000890:	2202      	movs	r2, #2
20000892:	e8bd 4010 	ldmia.w	sp!, {r4, lr}
20000896:	2112      	movs	r1, #18
20000898:	f7ff bf6e 	b.w	20000778 <std>
2000089c:	2000123c 	.word	0x2000123c
200008a0:	20001104 	.word	0x20001104
200008a4:	200007e5 	.word	0x200007e5

200008a8 <__sfp_lock_acquire>:
200008a8:	4801      	ldr	r0, [pc, #4]	@ (200008b0 <__sfp_lock_acquire+0x8>)
200008aa:	f000 ba56 	b.w	20000d5a <__retarget_lock_acquire_recursive>
200008ae:	bf00      	nop
200008b0:	2000124b 	.word	0x2000124b

200008b4 <__sfp_lock_release>:
200008b4:	4801      	ldr	r0, [pc, #4]	@ (200008bc <__sfp_lock_release+0x8>)
200008b6:	f000 ba56 	b.w	20000d66 <__retarget_lock_release_recursive>
200008ba:	bf00      	nop
200008bc:	2000124b 	.word	0x2000124b

200008c0 <__sfp>:
200008c0:	b5f8      	push	{r3, r4, r5, r6, r7, lr}
200008c2:	4607      	mov	r7, r0
200008c4:	f7ff fff0 	bl	200008a8 <__sfp_lock_acquire>
200008c8:	4b23      	ldr	r3, [pc, #140]	@ (20000958 <__sfp+0x98>)
200008ca:	681b      	ldr	r3, [r3, #0]
200008cc:	b90b      	cbnz	r3, 200008d2 <__sfp+0x12>
200008ce:	f7ff ffcd 	bl	2000086c <global_stdio_init.part.0>
200008d2:	4e22      	ldr	r6, [pc, #136]	@ (2000095c <__sfp+0x9c>)
200008d4:	e9d6 3401 	ldrd	r3, r4, [r6, #4]
200008d8:	3b01      	subs	r3, #1
200008da:	d50f      	bpl.n	200008fc <__sfp+0x3c>
200008dc:	6835      	ldr	r5, [r6, #0]
200008de:	2d00      	cmp	r5, #0
200008e0:	d137      	bne.n	20000952 <__sfp+0x92>
200008e2:	f44f 71d6 	mov.w	r1, #428	@ 0x1ac
200008e6:	4638      	mov	r0, r7
200008e8:	f000 faba 	bl	20000e60 <_malloc_r>
200008ec:	4604      	mov	r4, r0
200008ee:	bb28      	cbnz	r0, 2000093c <__sfp+0x7c>
200008f0:	6030      	str	r0, [r6, #0]
200008f2:	f7ff ffdf 	bl	200008b4 <__sfp_lock_release>
200008f6:	230c      	movs	r3, #12
200008f8:	603b      	str	r3, [r7, #0]
200008fa:	e01b      	b.n	20000934 <__sfp+0x74>
200008fc:	f9b4 500c 	ldrsh.w	r5, [r4, #12]
20000900:	b9d5      	cbnz	r5, 20000938 <__sfp+0x78>
20000902:	4b17      	ldr	r3, [pc, #92]	@ (20000960 <__sfp+0xa0>)
20000904:	60e3      	str	r3, [r4, #12]
20000906:	f104 0058 	add.w	r0, r4, #88	@ 0x58
2000090a:	6665      	str	r5, [r4, #100]	@ 0x64
2000090c:	f000 fa21 	bl	20000d52 <__retarget_lock_init_recursive>
20000910:	f7ff ffd0 	bl	200008b4 <__sfp_lock_release>
20000914:	e9c4 5501 	strd	r5, r5, [r4, #4]
20000918:	e9c4 5504 	strd	r5, r5, [r4, #16]
2000091c:	6025      	str	r5, [r4, #0]
2000091e:	61a5      	str	r5, [r4, #24]
20000920:	2208      	movs	r2, #8
20000922:	4629      	mov	r1, r5
20000924:	f104 005c 	add.w	r0, r4, #92	@ 0x5c
20000928:	f000 f967 	bl	20000bfa <memset>
2000092c:	e9c4 550d 	strd	r5, r5, [r4, #52]	@ 0x34
20000930:	e9c4 5512 	strd	r5, r5, [r4, #72]	@ 0x48
20000934:	4620      	mov	r0, r4
20000936:	bdf8      	pop	{r3, r4, r5, r6, r7, pc}
20000938:	3468      	adds	r4, #104	@ 0x68
2000093a:	e7cd      	b.n	200008d8 <__sfp+0x18>
2000093c:	2304      	movs	r3, #4
2000093e:	6005      	str	r5, [r0, #0]
20000940:	6043      	str	r3, [r0, #4]
20000942:	300c      	adds	r0, #12
20000944:	60a0      	str	r0, [r4, #8]
20000946:	f44f 72d0 	mov.w	r2, #416	@ 0x1a0
2000094a:	4629      	mov	r1, r5
2000094c:	f000 f955 	bl	20000bfa <memset>
20000950:	6034      	str	r4, [r6, #0]
20000952:	6836      	ldr	r6, [r6, #0]
20000954:	e7be      	b.n	200008d4 <__sfp+0x14>
20000956:	bf00      	nop
20000958:	2000123c 	.word	0x2000123c
2000095c:	200010a0 	.word	0x200010a0
20000960:	ffff0001 	.word	0xffff0001

20000964 <__sinit>:
20000964:	b510      	push	{r4, lr}
20000966:	4604      	mov	r4, r0
20000968:	f7ff ff9e 	bl	200008a8 <__sfp_lock_acquire>
2000096c:	6a23      	ldr	r3, [r4, #32]
2000096e:	b11b      	cbz	r3, 20000978 <__sinit+0x14>
20000970:	e8bd 4010 	ldmia.w	sp!, {r4, lr}
20000974:	f7ff bf9e 	b.w	200008b4 <__sfp_lock_release>
20000978:	4b04      	ldr	r3, [pc, #16]	@ (2000098c <__sinit+0x28>)
2000097a:	6223      	str	r3, [r4, #32]
2000097c:	4b04      	ldr	r3, [pc, #16]	@ (20000990 <__sinit+0x2c>)
2000097e:	681b      	ldr	r3, [r3, #0]
20000980:	2b00      	cmp	r3, #0
20000982:	d1f5      	bne.n	20000970 <__sinit+0xc>
20000984:	f7ff ff72 	bl	2000086c <global_stdio_init.part.0>
20000988:	e7f2      	b.n	20000970 <__sinit+0xc>
2000098a:	bf00      	nop
2000098c:	200007fd 	.word	0x200007fd
20000990:	2000123c 	.word	0x2000123c

20000994 <__fp_lock_all>:
20000994:	b508      	push	{r3, lr}
20000996:	f7ff ff87 	bl	200008a8 <__sfp_lock_acquire>
2000099a:	e8bd 4008 	ldmia.w	sp!, {r3, lr}
2000099e:	4a02      	ldr	r2, [pc, #8]	@ (200009a8 <__fp_lock_all+0x14>)
200009a0:	4902      	ldr	r1, [pc, #8]	@ (200009ac <__fp_lock_all+0x18>)
200009a2:	2000      	movs	r0, #0
200009a4:	f000 b812 	b.w	200009cc <_fwalk_sglue>
200009a8:	200010a0 	.word	0x200010a0
200009ac:	2000083d 	.word	0x2000083d

200009b0 <__fp_unlock_all>:
200009b0:	b508      	push	{r3, lr}
200009b2:	4a04      	ldr	r2, [pc, #16]	@ (200009c4 <__fp_unlock_all+0x14>)
200009b4:	4904      	ldr	r1, [pc, #16]	@ (200009c8 <__fp_unlock_all+0x18>)
200009b6:	2000      	movs	r0, #0
200009b8:	f000 f808 	bl	200009cc <_fwalk_sglue>
200009bc:	e8bd 4008 	ldmia.w	sp!, {r3, lr}
200009c0:	f7ff bf78 	b.w	200008b4 <__sfp_lock_release>
200009c4:	200010a0 	.word	0x200010a0
200009c8:	20000855 	.word	0x20000855

200009cc <_fwalk_sglue>:
200009cc:	e92d 43f8 	stmdb	sp!, {r3, r4, r5, r6, r7, r8, r9, lr}
200009d0:	4607      	mov	r7, r0
200009d2:	4688      	mov	r8, r1
200009d4:	4614      	mov	r4, r2
200009d6:	2600      	movs	r6, #0
200009d8:	e9d4 9501 	ldrd	r9, r5, [r4, #4]
200009dc:	f1b9 0901 	subs.w	r9, r9, #1
200009e0:	d505      	bpl.n	200009ee <_fwalk_sglue+0x22>
200009e2:	6824      	ldr	r4, [r4, #0]
200009e4:	2c00      	cmp	r4, #0
200009e6:	d1f7      	bne.n	200009d8 <_fwalk_sglue+0xc>
200009e8:	4630      	mov	r0, r6
200009ea:	e8bd 83f8 	ldmia.w	sp!, {r3, r4, r5, r6, r7, r8, r9, pc}
200009ee:	89ab      	ldrh	r3, [r5, #12]
200009f0:	2b01      	cmp	r3, #1
200009f2:	d907      	bls.n	20000a04 <_fwalk_sglue+0x38>
200009f4:	f9b5 300e 	ldrsh.w	r3, [r5, #14]
200009f8:	3301      	adds	r3, #1
200009fa:	d003      	beq.n	20000a04 <_fwalk_sglue+0x38>
200009fc:	4629      	mov	r1, r5
200009fe:	4638      	mov	r0, r7
20000a00:	47c0      	blx	r8
20000a02:	4306      	orrs	r6, r0
20000a04:	3568      	adds	r5, #104	@ 0x68
20000a06:	e7e9      	b.n	200009dc <_fwalk_sglue+0x10>

20000a08 <setvbuf>:
20000a08:	e92d 43f7 	stmdb	sp!, {r0, r1, r2, r4, r5, r6, r7, r8, r9, lr}
20000a0c:	461d      	mov	r5, r3
20000a0e:	4b57      	ldr	r3, [pc, #348]	@ (20000b6c <setvbuf+0x164>)
20000a10:	681f      	ldr	r7, [r3, #0]
20000a12:	4604      	mov	r4, r0
20000a14:	460e      	mov	r6, r1
20000a16:	4690      	mov	r8, r2
20000a18:	b127      	cbz	r7, 20000a24 <setvbuf+0x1c>
20000a1a:	6a3b      	ldr	r3, [r7, #32]
20000a1c:	b913      	cbnz	r3, 20000a24 <setvbuf+0x1c>
20000a1e:	4638      	mov	r0, r7
20000a20:	f7ff ffa0 	bl	20000964 <__sinit>
20000a24:	f1b8 0f02 	cmp.w	r8, #2
20000a28:	d006      	beq.n	20000a38 <setvbuf+0x30>
20000a2a:	f1b8 0f01 	cmp.w	r8, #1
20000a2e:	f200 809a 	bhi.w	20000b66 <setvbuf+0x15e>
20000a32:	2d00      	cmp	r5, #0
20000a34:	f2c0 8097 	blt.w	20000b66 <setvbuf+0x15e>
20000a38:	6e63      	ldr	r3, [r4, #100]	@ 0x64
20000a3a:	07d9      	lsls	r1, r3, #31
20000a3c:	d405      	bmi.n	20000a4a <setvbuf+0x42>
20000a3e:	89a3      	ldrh	r3, [r4, #12]
20000a40:	059a      	lsls	r2, r3, #22
20000a42:	d402      	bmi.n	20000a4a <setvbuf+0x42>
20000a44:	6da0      	ldr	r0, [r4, #88]	@ 0x58
20000a46:	f000 f988 	bl	20000d5a <__retarget_lock_acquire_recursive>
20000a4a:	4621      	mov	r1, r4
20000a4c:	4638      	mov	r0, r7
20000a4e:	f7ff fe57 	bl	20000700 <_fflush_r>
20000a52:	6b61      	ldr	r1, [r4, #52]	@ 0x34
20000a54:	b141      	cbz	r1, 20000a68 <setvbuf+0x60>
20000a56:	f104 0344 	add.w	r3, r4, #68	@ 0x44
20000a5a:	4299      	cmp	r1, r3
20000a5c:	d002      	beq.n	20000a64 <setvbuf+0x5c>
20000a5e:	4638      	mov	r0, r7
20000a60:	f000 f982 	bl	20000d68 <_free_r>
20000a64:	2300      	movs	r3, #0
20000a66:	6363      	str	r3, [r4, #52]	@ 0x34
20000a68:	2300      	movs	r3, #0
20000a6a:	61a3      	str	r3, [r4, #24]
20000a6c:	6063      	str	r3, [r4, #4]
20000a6e:	89a3      	ldrh	r3, [r4, #12]
20000a70:	061b      	lsls	r3, r3, #24
20000a72:	d503      	bpl.n	20000a7c <setvbuf+0x74>
20000a74:	6921      	ldr	r1, [r4, #16]
20000a76:	4638      	mov	r0, r7
20000a78:	f000 f976 	bl	20000d68 <_free_r>
20000a7c:	89a3      	ldrh	r3, [r4, #12]
20000a7e:	f423 634a 	bic.w	r3, r3, #3232	@ 0xca0
20000a82:	f023 0303 	bic.w	r3, r3, #3
20000a86:	f1b8 0f02 	cmp.w	r8, #2
20000a8a:	81a3      	strh	r3, [r4, #12]
20000a8c:	d061      	beq.n	20000b52 <setvbuf+0x14a>
20000a8e:	ab01      	add	r3, sp, #4
20000a90:	466a      	mov	r2, sp
20000a92:	4621      	mov	r1, r4
20000a94:	4638      	mov	r0, r7
20000a96:	f000 fa6f 	bl	20000f78 <__swhatbuf_r>
20000a9a:	89a3      	ldrh	r3, [r4, #12]
20000a9c:	4318      	orrs	r0, r3
20000a9e:	81a0      	strh	r0, [r4, #12]
20000aa0:	bb2d      	cbnz	r5, 20000aee <setvbuf+0xe6>
20000aa2:	9d00      	ldr	r5, [sp, #0]
20000aa4:	4628      	mov	r0, r5
20000aa6:	f000 f9a9 	bl	20000dfc <malloc>
20000aaa:	4606      	mov	r6, r0
20000aac:	2800      	cmp	r0, #0
20000aae:	d152      	bne.n	20000b56 <setvbuf+0x14e>
20000ab0:	f8dd 9000 	ldr.w	r9, [sp]
20000ab4:	45a9      	cmp	r9, r5
20000ab6:	d140      	bne.n	20000b3a <setvbuf+0x132>
20000ab8:	f04f 35ff 	mov.w	r5, #4294967295
20000abc:	f9b4 300c 	ldrsh.w	r3, [r4, #12]
20000ac0:	f043 0202 	orr.w	r2, r3, #2
20000ac4:	81a2      	strh	r2, [r4, #12]
20000ac6:	2200      	movs	r2, #0
20000ac8:	60a2      	str	r2, [r4, #8]
20000aca:	f104 0247 	add.w	r2, r4, #71	@ 0x47
20000ace:	6022      	str	r2, [r4, #0]
20000ad0:	6122      	str	r2, [r4, #16]
20000ad2:	2201      	movs	r2, #1
20000ad4:	6162      	str	r2, [r4, #20]
20000ad6:	6e62      	ldr	r2, [r4, #100]	@ 0x64
20000ad8:	07d6      	lsls	r6, r2, #31
20000ada:	d404      	bmi.n	20000ae6 <setvbuf+0xde>
20000adc:	0598      	lsls	r0, r3, #22
20000ade:	d402      	bmi.n	20000ae6 <setvbuf+0xde>
20000ae0:	6da0      	ldr	r0, [r4, #88]	@ 0x58
20000ae2:	f000 f940 	bl	20000d66 <__retarget_lock_release_recursive>
20000ae6:	4628      	mov	r0, r5
20000ae8:	b003      	add	sp, #12
20000aea:	e8bd 83f0 	ldmia.w	sp!, {r4, r5, r6, r7, r8, r9, pc}
20000aee:	2e00      	cmp	r6, #0
20000af0:	d0d8      	beq.n	20000aa4 <setvbuf+0x9c>
20000af2:	6a3b      	ldr	r3, [r7, #32]
20000af4:	b913      	cbnz	r3, 20000afc <setvbuf+0xf4>
20000af6:	4638      	mov	r0, r7
20000af8:	f7ff ff34 	bl	20000964 <__sinit>
20000afc:	f1b8 0f01 	cmp.w	r8, #1
20000b00:	bf08      	it	eq
20000b02:	89a3      	ldrheq	r3, [r4, #12]
20000b04:	6026      	str	r6, [r4, #0]
20000b06:	bf04      	itt	eq
20000b08:	f043 0301 	orreq.w	r3, r3, #1
20000b0c:	81a3      	strheq	r3, [r4, #12]
20000b0e:	f9b4 300c 	ldrsh.w	r3, [r4, #12]
20000b12:	f013 0208 	ands.w	r2, r3, #8
20000b16:	e9c4 6504 	strd	r6, r5, [r4, #16]
20000b1a:	d01e      	beq.n	20000b5a <setvbuf+0x152>
20000b1c:	07d9      	lsls	r1, r3, #31
20000b1e:	bf41      	itttt	mi
20000b20:	2200      	movmi	r2, #0
20000b22:	426d      	negmi	r5, r5
20000b24:	60a2      	strmi	r2, [r4, #8]
20000b26:	61a5      	strmi	r5, [r4, #24]
20000b28:	bf58      	it	pl
20000b2a:	60a5      	strpl	r5, [r4, #8]
20000b2c:	6e62      	ldr	r2, [r4, #100]	@ 0x64
20000b2e:	07d2      	lsls	r2, r2, #31
20000b30:	d401      	bmi.n	20000b36 <setvbuf+0x12e>
20000b32:	059b      	lsls	r3, r3, #22
20000b34:	d513      	bpl.n	20000b5e <setvbuf+0x156>
20000b36:	2500      	movs	r5, #0
20000b38:	e7d5      	b.n	20000ae6 <setvbuf+0xde>
20000b3a:	4648      	mov	r0, r9
20000b3c:	f000 f95e 	bl	20000dfc <malloc>
20000b40:	4606      	mov	r6, r0
20000b42:	2800      	cmp	r0, #0
20000b44:	d0b8      	beq.n	20000ab8 <setvbuf+0xb0>
20000b46:	89a3      	ldrh	r3, [r4, #12]
20000b48:	f043 0380 	orr.w	r3, r3, #128	@ 0x80
20000b4c:	81a3      	strh	r3, [r4, #12]
20000b4e:	464d      	mov	r5, r9
20000b50:	e7cf      	b.n	20000af2 <setvbuf+0xea>
20000b52:	2500      	movs	r5, #0
20000b54:	e7b2      	b.n	20000abc <setvbuf+0xb4>
20000b56:	46a9      	mov	r9, r5
20000b58:	e7f5      	b.n	20000b46 <setvbuf+0x13e>
20000b5a:	60a2      	str	r2, [r4, #8]
20000b5c:	e7e6      	b.n	20000b2c <setvbuf+0x124>
20000b5e:	6da0      	ldr	r0, [r4, #88]	@ 0x58
20000b60:	f000 f901 	bl	20000d66 <__retarget_lock_release_recursive>
20000b64:	e7e7      	b.n	20000b36 <setvbuf+0x12e>
20000b66:	f04f 35ff 	mov.w	r5, #4294967295
20000b6a:	e7bc      	b.n	20000ae6 <setvbuf+0xde>
20000b6c:	200010ac 	.word	0x200010ac

20000b70 <__sread>:
20000b70:	b510      	push	{r4, lr}
20000b72:	460c      	mov	r4, r1
20000b74:	f9b1 100e 	ldrsh.w	r1, [r1, #14]
20000b78:	f000 f8c0 	bl	20000cfc <_read_r>
20000b7c:	2800      	cmp	r0, #0
20000b7e:	bfab      	itete	ge
20000b80:	6d63      	ldrge	r3, [r4, #84]	@ 0x54
20000b82:	89a3      	ldrhlt	r3, [r4, #12]
20000b84:	181b      	addge	r3, r3, r0
20000b86:	f423 5380 	biclt.w	r3, r3, #4096	@ 0x1000
20000b8a:	bfac      	ite	ge
20000b8c:	6563      	strge	r3, [r4, #84]	@ 0x54
20000b8e:	81a3      	strhlt	r3, [r4, #12]
20000b90:	bd10      	pop	{r4, pc}

20000b92 <__seofread>:
20000b92:	2000      	movs	r0, #0
20000b94:	4770      	bx	lr

20000b96 <__swrite>:
20000b96:	e92d 41f0 	stmdb	sp!, {r4, r5, r6, r7, r8, lr}
20000b9a:	461f      	mov	r7, r3
20000b9c:	898b      	ldrh	r3, [r1, #12]
20000b9e:	05db      	lsls	r3, r3, #23
20000ba0:	4605      	mov	r5, r0
20000ba2:	460c      	mov	r4, r1
20000ba4:	4616      	mov	r6, r2
20000ba6:	d505      	bpl.n	20000bb4 <__swrite+0x1e>
20000ba8:	f9b1 100e 	ldrsh.w	r1, [r1, #14]
20000bac:	2302      	movs	r3, #2
20000bae:	2200      	movs	r2, #0
20000bb0:	f000 f892 	bl	20000cd8 <_lseek_r>
20000bb4:	89a3      	ldrh	r3, [r4, #12]
20000bb6:	f9b4 100e 	ldrsh.w	r1, [r4, #14]
20000bba:	f423 5380 	bic.w	r3, r3, #4096	@ 0x1000
20000bbe:	81a3      	strh	r3, [r4, #12]
20000bc0:	4632      	mov	r2, r6
20000bc2:	463b      	mov	r3, r7
20000bc4:	4628      	mov	r0, r5
20000bc6:	e8bd 41f0 	ldmia.w	sp!, {r4, r5, r6, r7, r8, lr}
20000bca:	f000 b8a9 	b.w	20000d20 <_write_r>

20000bce <__sseek>:
20000bce:	b510      	push	{r4, lr}
20000bd0:	460c      	mov	r4, r1
20000bd2:	f9b1 100e 	ldrsh.w	r1, [r1, #14]
20000bd6:	f000 f87f 	bl	20000cd8 <_lseek_r>
20000bda:	1c43      	adds	r3, r0, #1
20000bdc:	89a3      	ldrh	r3, [r4, #12]
20000bde:	bf15      	itete	ne
20000be0:	6560      	strne	r0, [r4, #84]	@ 0x54
20000be2:	f423 5380 	biceq.w	r3, r3, #4096	@ 0x1000
20000be6:	f443 5380 	orrne.w	r3, r3, #4096	@ 0x1000
20000bea:	81a3      	strheq	r3, [r4, #12]
20000bec:	bf18      	it	ne
20000bee:	81a3      	strhne	r3, [r4, #12]
20000bf0:	bd10      	pop	{r4, pc}

20000bf2 <__sclose>:
20000bf2:	f9b1 100e 	ldrsh.w	r1, [r1, #14]
20000bf6:	f000 b809 	b.w	20000c0c <_close_r>

20000bfa <memset>:
20000bfa:	4402      	add	r2, r0
20000bfc:	4603      	mov	r3, r0
20000bfe:	4293      	cmp	r3, r2
20000c00:	d100      	bne.n	20000c04 <memset+0xa>
20000c02:	4770      	bx	lr
20000c04:	f803 1b01 	strb.w	r1, [r3], #1
20000c08:	e7f9      	b.n	20000bfe <memset+0x4>
	...

20000c0c <_close_r>:
20000c0c:	b538      	push	{r3, r4, r5, lr}
20000c0e:	4d06      	ldr	r5, [pc, #24]	@ (20000c28 <_close_r+0x1c>)
20000c10:	2300      	movs	r3, #0
20000c12:	4604      	mov	r4, r0
20000c14:	4608      	mov	r0, r1
20000c16:	602b      	str	r3, [r5, #0]
20000c18:	f7ff fba2 	bl	20000360 <_close>
20000c1c:	1c43      	adds	r3, r0, #1
20000c1e:	d102      	bne.n	20000c26 <_close_r+0x1a>
20000c20:	682b      	ldr	r3, [r5, #0]
20000c22:	b103      	cbz	r3, 20000c26 <_close_r+0x1a>
20000c24:	6023      	str	r3, [r4, #0]
20000c26:	bd38      	pop	{r3, r4, r5, pc}
20000c28:	20001240 	.word	0x20001240

20000c2c <_reclaim_reent>:
20000c2c:	4b29      	ldr	r3, [pc, #164]	@ (20000cd4 <_reclaim_reent+0xa8>)
20000c2e:	681b      	ldr	r3, [r3, #0]
20000c30:	4283      	cmp	r3, r0
20000c32:	b570      	push	{r4, r5, r6, lr}
20000c34:	4604      	mov	r4, r0
20000c36:	d04b      	beq.n	20000cd0 <_reclaim_reent+0xa4>
20000c38:	69c3      	ldr	r3, [r0, #28]
20000c3a:	b1ab      	cbz	r3, 20000c68 <_reclaim_reent+0x3c>
20000c3c:	68db      	ldr	r3, [r3, #12]
20000c3e:	b16b      	cbz	r3, 20000c5c <_reclaim_reent+0x30>
20000c40:	2500      	movs	r5, #0
20000c42:	69e3      	ldr	r3, [r4, #28]
20000c44:	68db      	ldr	r3, [r3, #12]
20000c46:	5959      	ldr	r1, [r3, r5]
20000c48:	2900      	cmp	r1, #0
20000c4a:	d13b      	bne.n	20000cc4 <_reclaim_reent+0x98>
20000c4c:	3504      	adds	r5, #4
20000c4e:	2d80      	cmp	r5, #128	@ 0x80
20000c50:	d1f7      	bne.n	20000c42 <_reclaim_reent+0x16>
20000c52:	69e3      	ldr	r3, [r4, #28]
20000c54:	4620      	mov	r0, r4
20000c56:	68d9      	ldr	r1, [r3, #12]
20000c58:	f000 f886 	bl	20000d68 <_free_r>
20000c5c:	69e3      	ldr	r3, [r4, #28]
20000c5e:	6819      	ldr	r1, [r3, #0]
20000c60:	b111      	cbz	r1, 20000c68 <_reclaim_reent+0x3c>
20000c62:	4620      	mov	r0, r4
20000c64:	f000 f880 	bl	20000d68 <_free_r>
20000c68:	6961      	ldr	r1, [r4, #20]
20000c6a:	b111      	cbz	r1, 20000c72 <_reclaim_reent+0x46>
20000c6c:	4620      	mov	r0, r4
20000c6e:	f000 f87b 	bl	20000d68 <_free_r>
20000c72:	69e1      	ldr	r1, [r4, #28]
20000c74:	b111      	cbz	r1, 20000c7c <_reclaim_reent+0x50>
20000c76:	4620      	mov	r0, r4
20000c78:	f000 f876 	bl	20000d68 <_free_r>
20000c7c:	6b21      	ldr	r1, [r4, #48]	@ 0x30
20000c7e:	b111      	cbz	r1, 20000c86 <_reclaim_reent+0x5a>
20000c80:	4620      	mov	r0, r4
20000c82:	f000 f871 	bl	20000d68 <_free_r>
20000c86:	6b61      	ldr	r1, [r4, #52]	@ 0x34
20000c88:	b111      	cbz	r1, 20000c90 <_reclaim_reent+0x64>
20000c8a:	4620      	mov	r0, r4
20000c8c:	f000 f86c 	bl	20000d68 <_free_r>
20000c90:	6ba1      	ldr	r1, [r4, #56]	@ 0x38
20000c92:	b111      	cbz	r1, 20000c9a <_reclaim_reent+0x6e>
20000c94:	4620      	mov	r0, r4
20000c96:	f000 f867 	bl	20000d68 <_free_r>
20000c9a:	6ca1      	ldr	r1, [r4, #72]	@ 0x48
20000c9c:	b111      	cbz	r1, 20000ca4 <_reclaim_reent+0x78>
20000c9e:	4620      	mov	r0, r4
20000ca0:	f000 f862 	bl	20000d68 <_free_r>
20000ca4:	6c61      	ldr	r1, [r4, #68]	@ 0x44
20000ca6:	b111      	cbz	r1, 20000cae <_reclaim_reent+0x82>
20000ca8:	4620      	mov	r0, r4
20000caa:	f000 f85d 	bl	20000d68 <_free_r>
20000cae:	6ae1      	ldr	r1, [r4, #44]	@ 0x2c
20000cb0:	b111      	cbz	r1, 20000cb8 <_reclaim_reent+0x8c>
20000cb2:	4620      	mov	r0, r4
20000cb4:	f000 f858 	bl	20000d68 <_free_r>
20000cb8:	6a23      	ldr	r3, [r4, #32]
20000cba:	b14b      	cbz	r3, 20000cd0 <_reclaim_reent+0xa4>
20000cbc:	4620      	mov	r0, r4
20000cbe:	e8bd 4070 	ldmia.w	sp!, {r4, r5, r6, lr}
20000cc2:	4718      	bx	r3
20000cc4:	680e      	ldr	r6, [r1, #0]
20000cc6:	4620      	mov	r0, r4
20000cc8:	f000 f84e 	bl	20000d68 <_free_r>
20000ccc:	4631      	mov	r1, r6
20000cce:	e7bb      	b.n	20000c48 <_reclaim_reent+0x1c>
20000cd0:	bd70      	pop	{r4, r5, r6, pc}
20000cd2:	bf00      	nop
20000cd4:	200010ac 	.word	0x200010ac

20000cd8 <_lseek_r>:
20000cd8:	b538      	push	{r3, r4, r5, lr}
20000cda:	4d07      	ldr	r5, [pc, #28]	@ (20000cf8 <_lseek_r+0x20>)
20000cdc:	4604      	mov	r4, r0
20000cde:	4608      	mov	r0, r1
20000ce0:	4611      	mov	r1, r2
20000ce2:	2200      	movs	r2, #0
20000ce4:	602a      	str	r2, [r5, #0]
20000ce6:	461a      	mov	r2, r3
20000ce8:	f7ff fb44 	bl	20000374 <_lseek>
20000cec:	1c43      	adds	r3, r0, #1
20000cee:	d102      	bne.n	20000cf6 <_lseek_r+0x1e>
20000cf0:	682b      	ldr	r3, [r5, #0]
20000cf2:	b103      	cbz	r3, 20000cf6 <_lseek_r+0x1e>
20000cf4:	6023      	str	r3, [r4, #0]
20000cf6:	bd38      	pop	{r3, r4, r5, pc}
20000cf8:	20001240 	.word	0x20001240

20000cfc <_read_r>:
20000cfc:	b538      	push	{r3, r4, r5, lr}
20000cfe:	4d07      	ldr	r5, [pc, #28]	@ (20000d1c <_read_r+0x20>)
20000d00:	4604      	mov	r4, r0
20000d02:	4608      	mov	r0, r1
20000d04:	4611      	mov	r1, r2
20000d06:	2200      	movs	r2, #0
20000d08:	602a      	str	r2, [r5, #0]
20000d0a:	461a      	mov	r2, r3
20000d0c:	f7ff fb20 	bl	20000350 <_read>
20000d10:	1c43      	adds	r3, r0, #1
20000d12:	d102      	bne.n	20000d1a <_read_r+0x1e>
20000d14:	682b      	ldr	r3, [r5, #0]
20000d16:	b103      	cbz	r3, 20000d1a <_read_r+0x1e>
20000d18:	6023      	str	r3, [r4, #0]
20000d1a:	bd38      	pop	{r3, r4, r5, pc}
20000d1c:	20001240 	.word	0x20001240

20000d20 <_write_r>:
20000d20:	b538      	push	{r3, r4, r5, lr}
20000d22:	4d07      	ldr	r5, [pc, #28]	@ (20000d40 <_write_r+0x20>)
20000d24:	4604      	mov	r4, r0
20000d26:	4608      	mov	r0, r1
20000d28:	4611      	mov	r1, r2
20000d2a:	2200      	movs	r2, #0
20000d2c:	602a      	str	r2, [r5, #0]
20000d2e:	461a      	mov	r2, r3
20000d30:	f7ff fb04 	bl	2000033c <_write>
20000d34:	1c43      	adds	r3, r0, #1
20000d36:	d102      	bne.n	20000d3e <_write_r+0x1e>
20000d38:	682b      	ldr	r3, [r5, #0]
20000d3a:	b103      	cbz	r3, 20000d3e <_write_r+0x1e>
20000d3c:	6023      	str	r3, [r4, #0]
20000d3e:	bd38      	pop	{r3, r4, r5, pc}
20000d40:	20001240 	.word	0x20001240

20000d44 <__errno>:
20000d44:	4b01      	ldr	r3, [pc, #4]	@ (20000d4c <__errno+0x8>)
20000d46:	6818      	ldr	r0, [r3, #0]
20000d48:	4770      	bx	lr
20000d4a:	bf00      	nop
20000d4c:	200010ac 	.word	0x200010ac

20000d50 <__retarget_lock_init>:
20000d50:	4770      	bx	lr

20000d52 <__retarget_lock_init_recursive>:
20000d52:	4770      	bx	lr

20000d54 <__retarget_lock_close>:
20000d54:	4770      	bx	lr

20000d56 <__retarget_lock_close_recursive>:
20000d56:	4770      	bx	lr

20000d58 <__retarget_lock_acquire>:
20000d58:	4770      	bx	lr

20000d5a <__retarget_lock_acquire_recursive>:
20000d5a:	4770      	bx	lr

20000d5c <__retarget_lock_try_acquire>:
20000d5c:	2001      	movs	r0, #1
20000d5e:	4770      	bx	lr

20000d60 <__retarget_lock_try_acquire_recursive>:
20000d60:	2001      	movs	r0, #1
20000d62:	4770      	bx	lr

20000d64 <__retarget_lock_release>:
20000d64:	4770      	bx	lr

20000d66 <__retarget_lock_release_recursive>:
20000d66:	4770      	bx	lr

20000d68 <_free_r>:
20000d68:	b538      	push	{r3, r4, r5, lr}
20000d6a:	4605      	mov	r5, r0
20000d6c:	2900      	cmp	r1, #0
20000d6e:	d041      	beq.n	20000df4 <_free_r+0x8c>
20000d70:	f851 3c04 	ldr.w	r3, [r1, #-4]
20000d74:	1f0c      	subs	r4, r1, #4
20000d76:	2b00      	cmp	r3, #0
20000d78:	bfb8      	it	lt
20000d7a:	18e4      	addlt	r4, r4, r3
20000d7c:	f000 f8f0 	bl	20000f60 <__malloc_lock>
20000d80:	4a1d      	ldr	r2, [pc, #116]	@ (20000df8 <_free_r+0x90>)
20000d82:	6813      	ldr	r3, [r2, #0]
20000d84:	b933      	cbnz	r3, 20000d94 <_free_r+0x2c>
20000d86:	6063      	str	r3, [r4, #4]
20000d88:	6014      	str	r4, [r2, #0]
20000d8a:	4628      	mov	r0, r5
20000d8c:	e8bd 4038 	ldmia.w	sp!, {r3, r4, r5, lr}
20000d90:	f000 b8ec 	b.w	20000f6c <__malloc_unlock>
20000d94:	42a3      	cmp	r3, r4
20000d96:	d908      	bls.n	20000daa <_free_r+0x42>
20000d98:	6820      	ldr	r0, [r4, #0]
20000d9a:	1821      	adds	r1, r4, r0
20000d9c:	428b      	cmp	r3, r1
20000d9e:	bf01      	itttt	eq
20000da0:	6819      	ldreq	r1, [r3, #0]
20000da2:	685b      	ldreq	r3, [r3, #4]
20000da4:	1809      	addeq	r1, r1, r0
20000da6:	6021      	streq	r1, [r4, #0]
20000da8:	e7ed      	b.n	20000d86 <_free_r+0x1e>
20000daa:	461a      	mov	r2, r3
20000dac:	685b      	ldr	r3, [r3, #4]
20000dae:	b10b      	cbz	r3, 20000db4 <_free_r+0x4c>
20000db0:	42a3      	cmp	r3, r4
20000db2:	d9fa      	bls.n	20000daa <_free_r+0x42>
20000db4:	6811      	ldr	r1, [r2, #0]
20000db6:	1850      	adds	r0, r2, r1
20000db8:	42a0      	cmp	r0, r4
20000dba:	d10b      	bne.n	20000dd4 <_free_r+0x6c>
20000dbc:	6820      	ldr	r0, [r4, #0]
20000dbe:	4401      	add	r1, r0
20000dc0:	1850      	adds	r0, r2, r1
20000dc2:	4283      	cmp	r3, r0
20000dc4:	6011      	str	r1, [r2, #0]
20000dc6:	d1e0      	bne.n	20000d8a <_free_r+0x22>
20000dc8:	6818      	ldr	r0, [r3, #0]
20000dca:	685b      	ldr	r3, [r3, #4]
20000dcc:	6053      	str	r3, [r2, #4]
20000dce:	4408      	add	r0, r1
20000dd0:	6010      	str	r0, [r2, #0]
20000dd2:	e7da      	b.n	20000d8a <_free_r+0x22>
20000dd4:	d902      	bls.n	20000ddc <_free_r+0x74>
20000dd6:	230c      	movs	r3, #12
20000dd8:	602b      	str	r3, [r5, #0]
20000dda:	e7d6      	b.n	20000d8a <_free_r+0x22>
20000ddc:	6820      	ldr	r0, [r4, #0]
20000dde:	1821      	adds	r1, r4, r0
20000de0:	428b      	cmp	r3, r1
20000de2:	bf04      	itt	eq
20000de4:	6819      	ldreq	r1, [r3, #0]
20000de6:	685b      	ldreq	r3, [r3, #4]
20000de8:	6063      	str	r3, [r4, #4]
20000dea:	bf04      	itt	eq
20000dec:	1809      	addeq	r1, r1, r0
20000dee:	6021      	streq	r1, [r4, #0]
20000df0:	6054      	str	r4, [r2, #4]
20000df2:	e7ca      	b.n	20000d8a <_free_r+0x22>
20000df4:	bd38      	pop	{r3, r4, r5, pc}
20000df6:	bf00      	nop
20000df8:	20001250 	.word	0x20001250

20000dfc <malloc>:
20000dfc:	4b02      	ldr	r3, [pc, #8]	@ (20000e08 <malloc+0xc>)
20000dfe:	4601      	mov	r1, r0
20000e00:	6818      	ldr	r0, [r3, #0]
20000e02:	f000 b82d 	b.w	20000e60 <_malloc_r>
20000e06:	bf00      	nop
20000e08:	200010ac 	.word	0x200010ac

20000e0c <free>:
20000e0c:	4b02      	ldr	r3, [pc, #8]	@ (20000e18 <free+0xc>)
20000e0e:	4601      	mov	r1, r0
20000e10:	6818      	ldr	r0, [r3, #0]
20000e12:	f7ff bfa9 	b.w	20000d68 <_free_r>
20000e16:	bf00      	nop
20000e18:	200010ac 	.word	0x200010ac

20000e1c <sbrk_aligned>:
20000e1c:	b570      	push	{r4, r5, r6, lr}
20000e1e:	4e0f      	ldr	r6, [pc, #60]	@ (20000e5c <sbrk_aligned+0x40>)
20000e20:	460c      	mov	r4, r1
20000e22:	6831      	ldr	r1, [r6, #0]
20000e24:	4605      	mov	r5, r0
20000e26:	b911      	cbnz	r1, 20000e2e <sbrk_aligned+0x12>
20000e28:	f000 f92a 	bl	20001080 <_sbrk_r>
20000e2c:	6030      	str	r0, [r6, #0]
20000e2e:	4621      	mov	r1, r4
20000e30:	4628      	mov	r0, r5
20000e32:	f000 f925 	bl	20001080 <_sbrk_r>
20000e36:	1c43      	adds	r3, r0, #1
20000e38:	d103      	bne.n	20000e42 <sbrk_aligned+0x26>
20000e3a:	f04f 34ff 	mov.w	r4, #4294967295
20000e3e:	4620      	mov	r0, r4
20000e40:	bd70      	pop	{r4, r5, r6, pc}
20000e42:	1cc4      	adds	r4, r0, #3
20000e44:	f024 0403 	bic.w	r4, r4, #3
20000e48:	42a0      	cmp	r0, r4
20000e4a:	d0f8      	beq.n	20000e3e <sbrk_aligned+0x22>
20000e4c:	1a21      	subs	r1, r4, r0
20000e4e:	4628      	mov	r0, r5
20000e50:	f000 f916 	bl	20001080 <_sbrk_r>
20000e54:	3001      	adds	r0, #1
20000e56:	d1f2      	bne.n	20000e3e <sbrk_aligned+0x22>
20000e58:	e7ef      	b.n	20000e3a <sbrk_aligned+0x1e>
20000e5a:	bf00      	nop
20000e5c:	2000124c 	.word	0x2000124c

20000e60 <_malloc_r>:
20000e60:	e92d 43f8 	stmdb	sp!, {r3, r4, r5, r6, r7, r8, r9, lr}
20000e64:	1ccd      	adds	r5, r1, #3
20000e66:	f025 0503 	bic.w	r5, r5, #3
20000e6a:	3508      	adds	r5, #8
20000e6c:	2d0c      	cmp	r5, #12
20000e6e:	bf38      	it	cc
20000e70:	250c      	movcc	r5, #12
20000e72:	2d00      	cmp	r5, #0
20000e74:	4606      	mov	r6, r0
20000e76:	db01      	blt.n	20000e7c <_malloc_r+0x1c>
20000e78:	42a9      	cmp	r1, r5
20000e7a:	d904      	bls.n	20000e86 <_malloc_r+0x26>
20000e7c:	230c      	movs	r3, #12
20000e7e:	6033      	str	r3, [r6, #0]
20000e80:	2000      	movs	r0, #0
20000e82:	e8bd 83f8 	ldmia.w	sp!, {r3, r4, r5, r6, r7, r8, r9, pc}
20000e86:	f8df 80d4 	ldr.w	r8, [pc, #212]	@ 20000f5c <_malloc_r+0xfc>
20000e8a:	f000 f869 	bl	20000f60 <__malloc_lock>
20000e8e:	f8d8 3000 	ldr.w	r3, [r8]
20000e92:	461c      	mov	r4, r3
20000e94:	bb44      	cbnz	r4, 20000ee8 <_malloc_r+0x88>
20000e96:	4629      	mov	r1, r5
20000e98:	4630      	mov	r0, r6
20000e9a:	f7ff ffbf 	bl	20000e1c <sbrk_aligned>
20000e9e:	1c43      	adds	r3, r0, #1
20000ea0:	4604      	mov	r4, r0
20000ea2:	d158      	bne.n	20000f56 <_malloc_r+0xf6>
20000ea4:	f8d8 4000 	ldr.w	r4, [r8]
20000ea8:	4627      	mov	r7, r4
20000eaa:	2f00      	cmp	r7, #0
20000eac:	d143      	bne.n	20000f36 <_malloc_r+0xd6>
20000eae:	2c00      	cmp	r4, #0
20000eb0:	d04b      	beq.n	20000f4a <_malloc_r+0xea>
20000eb2:	6823      	ldr	r3, [r4, #0]
20000eb4:	4639      	mov	r1, r7
20000eb6:	4630      	mov	r0, r6
20000eb8:	eb04 0903 	add.w	r9, r4, r3
20000ebc:	f000 f8e0 	bl	20001080 <_sbrk_r>
20000ec0:	4581      	cmp	r9, r0
20000ec2:	d142      	bne.n	20000f4a <_malloc_r+0xea>
20000ec4:	6821      	ldr	r1, [r4, #0]
20000ec6:	1a6d      	subs	r5, r5, r1
20000ec8:	4629      	mov	r1, r5
20000eca:	4630      	mov	r0, r6
20000ecc:	f7ff ffa6 	bl	20000e1c <sbrk_aligned>
20000ed0:	3001      	adds	r0, #1
20000ed2:	d03a      	beq.n	20000f4a <_malloc_r+0xea>
20000ed4:	6823      	ldr	r3, [r4, #0]
20000ed6:	442b      	add	r3, r5
20000ed8:	6023      	str	r3, [r4, #0]
20000eda:	f8d8 3000 	ldr.w	r3, [r8]
20000ede:	685a      	ldr	r2, [r3, #4]
20000ee0:	bb62      	cbnz	r2, 20000f3c <_malloc_r+0xdc>
20000ee2:	f8c8 7000 	str.w	r7, [r8]
20000ee6:	e00f      	b.n	20000f08 <_malloc_r+0xa8>
20000ee8:	6822      	ldr	r2, [r4, #0]
20000eea:	1b52      	subs	r2, r2, r5
20000eec:	d420      	bmi.n	20000f30 <_malloc_r+0xd0>
20000eee:	2a0b      	cmp	r2, #11
20000ef0:	d917      	bls.n	20000f22 <_malloc_r+0xc2>
20000ef2:	1961      	adds	r1, r4, r5
20000ef4:	42a3      	cmp	r3, r4
20000ef6:	6025      	str	r5, [r4, #0]
20000ef8:	bf18      	it	ne
20000efa:	6059      	strne	r1, [r3, #4]
20000efc:	6863      	ldr	r3, [r4, #4]
20000efe:	bf08      	it	eq
20000f00:	f8c8 1000 	streq.w	r1, [r8]
20000f04:	5162      	str	r2, [r4, r5]
20000f06:	604b      	str	r3, [r1, #4]
20000f08:	4630      	mov	r0, r6
20000f0a:	f000 f82f 	bl	20000f6c <__malloc_unlock>
20000f0e:	f104 000b 	add.w	r0, r4, #11
20000f12:	1d23      	adds	r3, r4, #4
20000f14:	f020 0007 	bic.w	r0, r0, #7
20000f18:	1ac2      	subs	r2, r0, r3
20000f1a:	bf1c      	itt	ne
20000f1c:	1a1b      	subne	r3, r3, r0
20000f1e:	50a3      	strne	r3, [r4, r2]
20000f20:	e7af      	b.n	20000e82 <_malloc_r+0x22>
20000f22:	6862      	ldr	r2, [r4, #4]
20000f24:	42a3      	cmp	r3, r4
20000f26:	bf0c      	ite	eq
20000f28:	f8c8 2000 	streq.w	r2, [r8]
20000f2c:	605a      	strne	r2, [r3, #4]
20000f2e:	e7eb      	b.n	20000f08 <_malloc_r+0xa8>
20000f30:	4623      	mov	r3, r4
20000f32:	6864      	ldr	r4, [r4, #4]
20000f34:	e7ae      	b.n	20000e94 <_malloc_r+0x34>
20000f36:	463c      	mov	r4, r7
20000f38:	687f      	ldr	r7, [r7, #4]
20000f3a:	e7b6      	b.n	20000eaa <_malloc_r+0x4a>
20000f3c:	461a      	mov	r2, r3
20000f3e:	685b      	ldr	r3, [r3, #4]
20000f40:	42a3      	cmp	r3, r4
20000f42:	d1fb      	bne.n	20000f3c <_malloc_r+0xdc>
20000f44:	2300      	movs	r3, #0
20000f46:	6053      	str	r3, [r2, #4]
20000f48:	e7de      	b.n	20000f08 <_malloc_r+0xa8>
20000f4a:	230c      	movs	r3, #12
20000f4c:	6033      	str	r3, [r6, #0]
20000f4e:	4630      	mov	r0, r6
20000f50:	f000 f80c 	bl	20000f6c <__malloc_unlock>
20000f54:	e794      	b.n	20000e80 <_malloc_r+0x20>
20000f56:	6005      	str	r5, [r0, #0]
20000f58:	e7d6      	b.n	20000f08 <_malloc_r+0xa8>
20000f5a:	bf00      	nop
20000f5c:	20001250 	.word	0x20001250

20000f60 <__malloc_lock>:
20000f60:	4801      	ldr	r0, [pc, #4]	@ (20000f68 <__malloc_lock+0x8>)
20000f62:	f7ff befa 	b.w	20000d5a <__retarget_lock_acquire_recursive>
20000f66:	bf00      	nop
20000f68:	20001248 	.word	0x20001248

20000f6c <__malloc_unlock>:
20000f6c:	4801      	ldr	r0, [pc, #4]	@ (20000f74 <__malloc_unlock+0x8>)
20000f6e:	f7ff befa 	b.w	20000d66 <__retarget_lock_release_recursive>
20000f72:	bf00      	nop
20000f74:	20001248 	.word	0x20001248

20000f78 <__swhatbuf_r>:
20000f78:	b570      	push	{r4, r5, r6, lr}
20000f7a:	460c      	mov	r4, r1
20000f7c:	f9b1 100e 	ldrsh.w	r1, [r1, #14]
20000f80:	2900      	cmp	r1, #0
20000f82:	b096      	sub	sp, #88	@ 0x58
20000f84:	4615      	mov	r5, r2
20000f86:	461e      	mov	r6, r3
20000f88:	da0d      	bge.n	20000fa6 <__swhatbuf_r+0x2e>
20000f8a:	89a3      	ldrh	r3, [r4, #12]
20000f8c:	f013 0f80 	tst.w	r3, #128	@ 0x80
20000f90:	f04f 0100 	mov.w	r1, #0
20000f94:	bf14      	ite	ne
20000f96:	2340      	movne	r3, #64	@ 0x40
20000f98:	f44f 6380 	moveq.w	r3, #1024	@ 0x400
20000f9c:	2000      	movs	r0, #0
20000f9e:	6031      	str	r1, [r6, #0]
20000fa0:	602b      	str	r3, [r5, #0]
20000fa2:	b016      	add	sp, #88	@ 0x58
20000fa4:	bd70      	pop	{r4, r5, r6, pc}
20000fa6:	466a      	mov	r2, sp
20000fa8:	f000 f848 	bl	2000103c <_fstat_r>
20000fac:	2800      	cmp	r0, #0
20000fae:	dbec      	blt.n	20000f8a <__swhatbuf_r+0x12>
20000fb0:	9901      	ldr	r1, [sp, #4]
20000fb2:	f401 4170 	and.w	r1, r1, #61440	@ 0xf000
20000fb6:	f5a1 5300 	sub.w	r3, r1, #8192	@ 0x2000
20000fba:	4259      	negs	r1, r3
20000fbc:	4159      	adcs	r1, r3
20000fbe:	f44f 6380 	mov.w	r3, #1024	@ 0x400
20000fc2:	e7eb      	b.n	20000f9c <__swhatbuf_r+0x24>

20000fc4 <__smakebuf_r>:
20000fc4:	898b      	ldrh	r3, [r1, #12]
20000fc6:	b5f7      	push	{r0, r1, r2, r4, r5, r6, r7, lr}
20000fc8:	079d      	lsls	r5, r3, #30
20000fca:	4606      	mov	r6, r0
20000fcc:	460c      	mov	r4, r1
20000fce:	d507      	bpl.n	20000fe0 <__smakebuf_r+0x1c>
20000fd0:	f104 0347 	add.w	r3, r4, #71	@ 0x47
20000fd4:	6023      	str	r3, [r4, #0]
20000fd6:	6123      	str	r3, [r4, #16]
20000fd8:	2301      	movs	r3, #1
20000fda:	6163      	str	r3, [r4, #20]
20000fdc:	b003      	add	sp, #12
20000fde:	bdf0      	pop	{r4, r5, r6, r7, pc}
20000fe0:	ab01      	add	r3, sp, #4
20000fe2:	466a      	mov	r2, sp
20000fe4:	f7ff ffc8 	bl	20000f78 <__swhatbuf_r>
20000fe8:	9f00      	ldr	r7, [sp, #0]
20000fea:	4605      	mov	r5, r0
20000fec:	4639      	mov	r1, r7
20000fee:	4630      	mov	r0, r6
20000ff0:	f7ff ff36 	bl	20000e60 <_malloc_r>
20000ff4:	b948      	cbnz	r0, 2000100a <__smakebuf_r+0x46>
20000ff6:	f9b4 300c 	ldrsh.w	r3, [r4, #12]
20000ffa:	059a      	lsls	r2, r3, #22
20000ffc:	d4ee      	bmi.n	20000fdc <__smakebuf_r+0x18>
20000ffe:	f023 0303 	bic.w	r3, r3, #3
20001002:	f043 0302 	orr.w	r3, r3, #2
20001006:	81a3      	strh	r3, [r4, #12]
20001008:	e7e2      	b.n	20000fd0 <__smakebuf_r+0xc>
2000100a:	89a3      	ldrh	r3, [r4, #12]
2000100c:	6020      	str	r0, [r4, #0]
2000100e:	f043 0380 	orr.w	r3, r3, #128	@ 0x80
20001012:	81a3      	strh	r3, [r4, #12]
20001014:	9b01      	ldr	r3, [sp, #4]
20001016:	e9c4 0704 	strd	r0, r7, [r4, #16]
2000101a:	b15b      	cbz	r3, 20001034 <__smakebuf_r+0x70>
2000101c:	f9b4 100e 	ldrsh.w	r1, [r4, #14]
20001020:	4630      	mov	r0, r6
20001022:	f000 f81d 	bl	20001060 <_isatty_r>
20001026:	b128      	cbz	r0, 20001034 <__smakebuf_r+0x70>
20001028:	89a3      	ldrh	r3, [r4, #12]
2000102a:	f023 0303 	bic.w	r3, r3, #3
2000102e:	f043 0301 	orr.w	r3, r3, #1
20001032:	81a3      	strh	r3, [r4, #12]
20001034:	89a3      	ldrh	r3, [r4, #12]
20001036:	431d      	orrs	r5, r3
20001038:	81a5      	strh	r5, [r4, #12]
2000103a:	e7cf      	b.n	20000fdc <__smakebuf_r+0x18>

2000103c <_fstat_r>:
2000103c:	b538      	push	{r3, r4, r5, lr}
2000103e:	4d07      	ldr	r5, [pc, #28]	@ (2000105c <_fstat_r+0x20>)
20001040:	2300      	movs	r3, #0
20001042:	4604      	mov	r4, r0
20001044:	4608      	mov	r0, r1
20001046:	4611      	mov	r1, r2
20001048:	602b      	str	r3, [r5, #0]
2000104a:	f7ff f991 	bl	20000370 <_fstat>
2000104e:	1c43      	adds	r3, r0, #1
20001050:	d102      	bne.n	20001058 <_fstat_r+0x1c>
20001052:	682b      	ldr	r3, [r5, #0]
20001054:	b103      	cbz	r3, 20001058 <_fstat_r+0x1c>
20001056:	6023      	str	r3, [r4, #0]
20001058:	bd38      	pop	{r3, r4, r5, pc}
2000105a:	bf00      	nop
2000105c:	20001240 	.word	0x20001240

20001060 <_isatty_r>:
20001060:	b538      	push	{r3, r4, r5, lr}
20001062:	4d06      	ldr	r5, [pc, #24]	@ (2000107c <_isatty_r+0x1c>)
20001064:	2300      	movs	r3, #0
20001066:	4604      	mov	r4, r0
20001068:	4608      	mov	r0, r1
2000106a:	602b      	str	r3, [r5, #0]
2000106c:	f7ff f984 	bl	20000378 <_isatty>
20001070:	1c43      	adds	r3, r0, #1
20001072:	d102      	bne.n	2000107a <_isatty_r+0x1a>
20001074:	682b      	ldr	r3, [r5, #0]
20001076:	b103      	cbz	r3, 2000107a <_isatty_r+0x1a>
20001078:	6023      	str	r3, [r4, #0]
2000107a:	bd38      	pop	{r3, r4, r5, pc}
2000107c:	20001240 	.word	0x20001240

20001080 <_sbrk_r>:
20001080:	b538      	push	{r3, r4, r5, lr}
20001082:	4d06      	ldr	r5, [pc, #24]	@ (2000109c <_sbrk_r+0x1c>)
20001084:	2300      	movs	r3, #0
20001086:	4604      	mov	r4, r0
20001088:	4608      	mov	r0, r1
2000108a:	602b      	str	r3, [r5, #0]
2000108c:	f7ff f906 	bl	2000029c <_sbrk>
20001090:	1c43      	adds	r3, r0, #1
20001092:	d102      	bne.n	2000109a <_sbrk_r+0x1a>
20001094:	682b      	ldr	r3, [r5, #0]
20001096:	b103      	cbz	r3, 2000109a <_sbrk_r+0x1a>
20001098:	6023      	str	r3, [r4, #0]
2000109a:	bd38      	pop	{r3, r4, r5, pc}
2000109c:	20001240 	.word	0x20001240

200010a0 <__sglue>:
200010a0:	00000000 00000003 20001104              ........... 

200010ac <_impure_ptr>:
200010ac:	200010b0                                ... 

200010b0 <_impure_data>:
200010b0:	00000000 20001104 2000116c 200011d4     ....... l.. ... 
	...

200010fc <inbuf1>:
	...

200010fd <inbuf2>:
200010fd:	                                         ...

20001100 <heap_end>:
20001100:	00000000                                ....

20001104 <__sf>:
	...

2000123c <__stdio_exit_handler>:
2000123c:	00000000                                ....

20001240 <errno>:
20001240:	00000000                                ....

20001244 <__lock___arc4random_mutex>:
	...

20001245 <__lock___dd_hash_mutex>:
	...

20001246 <__lock___tz_mutex>:
	...

20001247 <__lock___env_recursive_mutex>:
	...

20001248 <__lock___malloc_recursive_mutex>:
	...

20001249 <__lock___at_quick_exit_mutex>:
	...

2000124a <__lock___atexit_recursive_mutex>:
	...

2000124b <__lock___sfp_recursive_mutex>:
	...

2000124c <__malloc_sbrk_start>:
2000124c:	00000000                                ....

20001250 <__malloc_free_list>:
20001250:	00000000                                ....

20001254 <__bss_end__>:
	...

20002000 <__heap_low>:
	...

20002400 <__heap_top>:
	...
